[09:00:41] Logger initialized
[09:00:41] MinHook initialized
[09:00:41] Hooking game unpack
[09:00:41] Game unpack hooked
[09:00:41] Configs:
[09:00:41] autoBackup true
[09:00:41] crashOnFatalError false
[09:00:41] heapSize 1024
[09:00:41] useSharedTextures true
[09:00:41] disableForcedRawInput false
[09:00:41] skipLauncherPatches false
[09:00:41] Registering natives
[09:00:41] Natives registered
[09:00:41] Connect URL: 
[09:00:41] Connect password: no
[09:00:41] Connect id: 
[09:00:41] Connect name: 
[09:00:41] Injected
[09:00:41] alt:V build #16.0.156, branch release
[09:00:41] eNet initialized
[09:00:42] Unsuspending threads
[09:00:42] Unsuspending thread 37488 with suspend count 15
[09:00:42] Unpacking game
[09:00:44] Game unpacked in 2091 ms
[09:00:44] Initing alt:V
[09:00:44] HTTP Client inited
[09:00:44] DXHook inited
[09:00:44] Initializing CGame
[09:00:44] netManager initialized
[09:00:44] Initializing Discord manager
[09:00:44] Discord: Inited
[09:00:44] discordManager initialized
[09:00:44] Loading runtimes
[09:00:44] Main thread is 37488
[09:00:44] Starting initialization
[09:00:44] Constructing CoreCLR
[09:00:44] CSharp runtime initialized
[09:00:44] Initialized successfully
[09:00:44] resourceManager initialized
[09:00:44] Volume is \\?\Volume{0ff323b1-0000-0000-0000-100000000000}
[09:00:44] Resource checker inited with 16 threads
[09:00:44] Resource downloader inited with 1 threads
[09:00:44] resourceDownloader initialized
[09:00:44] connectionManager initialized
[09:00:44] WebSocket client initialized
[09:00:44] BASS: Device initialized
[09:00:44] =====================LOADED DLLS=====================
[09:00:44] D:\GTA_V\ALT_V\backup\GTA5.exe
[09:00:44] C:\Windows\SYSTEM32\ntdll.dll
[09:00:44] C:\Windows\System32\KERNEL32.DLL
[09:00:44] C:\Windows\System32\KERNELBASE.dll
[09:00:44] C:\Windows\SYSTEM32\apphelp.dll
[09:00:44] C:\Windows\System32\USER32.dll
[09:00:44] C:\Windows\System32\win32u.dll
[09:00:44] C:\Windows\System32\GDI32.dll
[09:00:44] C:\Windows\System32\gdi32full.dll
[09:00:44] C:\Windows\System32\msvcp_win.dll
[09:00:44] C:\Windows\System32\ucrtbase.dll
[09:00:44] C:\Windows\System32\PSAPI.DLL
[09:00:44] C:\Windows\System32\WS2_32.dll
[09:00:44] C:\Windows\System32\RPCRT4.dll
[09:00:44] C:\Windows\System32\CRYPT32.dll
[09:00:44] C:\Windows\System32\WINTRUST.dll
[09:00:44] C:\Windows\System32\msvcrt.dll
[09:00:44] C:\Windows\SYSTEM32\VERSION.dll
[09:00:44] C:\Windows\System32\IMM32.dll
[09:00:44] C:\Windows\SYSTEM32\DSOUND.dll
[09:00:44] C:\Windows\System32\bcrypt.dll
[09:00:44] C:\Windows\System32\advapi32.dll
[09:00:44] C:\Windows\System32\SHLWAPI.dll
[09:00:44] C:\Windows\System32\sechost.dll
[09:00:44] C:\Windows\System32\SHELL32.dll
[09:00:44] C:\Windows\System32\combase.dll
[09:00:44] C:\Windows\System32\ole32.dll
[09:00:44] C:\Windows\System32\OLEAUT32.dll
[09:00:44] C:\Windows\SYSTEM32\WININET.dll
[09:00:44] C:\Windows\SYSTEM32\WINMM.dll
[09:00:44] C:\Windows\SYSTEM32\MF.dll
[09:00:44] C:\Windows\SYSTEM32\MFPlat.DLL
[09:00:44] C:\Windows\System32\cfgmgr32.dll
[09:00:44] C:\Windows\System32\shcore.dll
[09:00:44] C:\Windows\SYSTEM32\msdmo.dll
[09:00:44] C:\Windows\SYSTEM32\MFReadWrite.dll
[09:00:44] C:\Windows\SYSTEM32\PROPSYS.dll
[09:00:44] C:\Windows\SYSTEM32\WTSAPI32.dll
[09:00:44] C:\Windows\SYSTEM32\d3d9.dll
[09:00:44] C:\Windows\SYSTEM32\D3DCOMPILER_43.dll
[09:00:44] C:\Windows\SYSTEM32\DINPUT8.dll
[09:00:44] C:\Windows\SYSTEM32\XINPUT1_4.dll
[09:00:44] D:\GTA_V\Grand Theft Auto V\bink2w64.dll
[09:00:44] C:\Windows\SYSTEM32\IPHLPAPI.DLL
[09:00:44] C:\Windows\SYSTEM32\powrprof.dll
[09:00:44] D:\GTA_V\Grand Theft Auto V\GFSDK_ShadowLib.win64.dll
[09:00:44] C:\Windows\SYSTEM32\winmmbase.dll
[09:00:44] C:\Windows\SYSTEM32\kernel.appcore.dll
[09:00:44] C:\Windows\SYSTEM32\dwmapi.dll
[09:00:44] C:\Windows\SYSTEM32\windows.storage.dll
[09:00:44] C:\Windows\SYSTEM32\DEVOBJ.dll
[09:00:44] C:\Windows\SYSTEM32\Wldp.dll
[09:00:44] D:\GTA_V\Grand Theft Auto V\GFSDK_TXAA_AlphaResolve.win64.dll
[09:00:44] C:\Windows\SYSTEM32\d3dx9_43.dll
[09:00:44] C:\Windows\SYSTEM32\OPENGL32.dll
[09:00:44] C:\Windows\SYSTEM32\MFCORE.DLL
[09:00:44] C:\Windows\SYSTEM32\ksuser.dll
[09:00:44] C:\Windows\SYSTEM32\GLU32.dll
[09:00:44] C:\Windows\SYSTEM32\CRYPTBASE.DLL
[09:00:44] C:\Windows\SYSTEM32\UMPDC.dll
[09:00:44] C:\Windows\System32\bcryptPrimitives.dll
[09:00:44] C:\Windows\SYSTEM32\RTWorkQ.DLL
[09:00:44] C:\Windows\SYSTEM32\MSASN1.dll
[09:00:44] C:\Windows\SYSTEM32\inputhost.dll
[09:00:44] C:\Windows\SYSTEM32\CoreMessaging.dll
[09:00:44] C:\Windows\SYSTEM32\wintypes.dll
[09:00:44] C:\Windows\SYSTEM32\CoreUIComponents.dll
[09:00:44] C:\Windows\SYSTEM32\ntmarta.dll
[09:00:44] D:\GTA_V\ALT_V\altv-client.dll
[09:00:44] C:\Windows\System32\WLDAP32.dll
[09:00:44] C:\Windows\System32\Normaliz.dll
[09:00:44] D:\GTA_V\ALT_V\libs\D3DCOMPILER_47.dll
[09:00:44] D:\GTA_V\ALT_V\libs\libce2.dll
[09:00:44] C:\Windows\System32\COMDLG32.dll
[09:00:44] C:\Windows\SYSTEM32\MSVCP140.dll
[09:00:44] D:\GTA_V\ALT_V\libs\bass.dll
[09:00:44] D:\GTA_V\ALT_V\libs\discord_game_sdk.dll
[09:00:44] C:\Windows\SYSTEM32\MSWSOCK.dll
[09:00:44] C:\Windows\SYSTEM32\dxgi.dll
[09:00:44] C:\Windows\SYSTEM32\CONCRT140.dll
[09:00:44] C:\Windows\SYSTEM32\d2d1.dll
[09:00:44] C:\Windows\SYSTEM32\DWrite.dll
[09:00:44] C:\Windows\SYSTEM32\dbghelp.dll
[09:00:44] D:\GTA_V\ALT_V\libs\zlib1.dll
[09:00:44] D:\GTA_V\ALT_V\libs\BASS_FX.dll
[09:00:44] D:\GTA_V\ALT_V\libs\freetype.dll
[09:00:44] C:\Windows\SYSTEM32\VCRUNTIME140.dll
[09:00:44] C:\Windows\SYSTEM32\VCRUNTIME140_1.dll
[09:00:44] C:\Windows\SYSTEM32\OLEACC.dll
[09:00:44] C:\Windows\SYSTEM32\UIAutomationCore.DLL
[09:00:44] C:\Windows\SYSTEM32\Secur32.dll
[09:00:44] C:\Windows\SYSTEM32\USERENV.dll
[09:00:44] C:\Windows\SYSTEM32\NETAPI32.dll
[09:00:44] D:\GTA_V\ALT_V\libs\bassmix.dll
[09:00:44] C:\Windows\SYSTEM32\HID.DLL
[09:00:44] C:\Windows\WinSxS\amd64_microsoft.windows.common-controls_6595b64144ccf1df_5.82.19041.4355_none_792ecafd2442822f\COMCTL32.dll
[09:00:44] C:\Windows\SYSTEM32\UxTheme.dll
[09:00:44] C:\Windows\SYSTEM32\USP10.dll
[09:00:44] C:\Windows\SYSTEM32\ncrypt.dll
[09:00:44] C:\Windows\SYSTEM32\WINSPOOL.DRV
[09:00:44] C:\Windows\SYSTEM32\dxva2.dll
[09:00:44] C:\Windows\SYSTEM32\CRYPTUI.dll
[09:00:44] C:\Windows\SYSTEM32\urlmon.dll
[09:00:44] C:\Windows\SYSTEM32\WINHTTP.dll
[09:00:44] C:\Windows\SYSTEM32\dhcpcsvc.DLL
[09:00:44] C:\Windows\SYSTEM32\credui.dll
[09:00:44] C:\Windows\SYSTEM32\wevtapi.dll
[09:00:44] C:\Windows\SYSTEM32\ESENT.dll
[09:00:44] C:\Windows\SYSTEM32\MSACM32.dll
[09:00:44] C:\Windows\SYSTEM32\iertutil.dll
[09:00:44] C:\Windows\SYSTEM32\ktmw32.dll
[09:00:44] C:\Windows\SYSTEM32\srvcli.dll
[09:00:44] C:\Windows\SYSTEM32\netutils.dll
[09:00:44] D:\GTA_V\ALT_V\libs\chrome_elf.dll
[09:00:44] C:\Windows\SYSTEM32\SSPICLI.DLL
[09:00:44] C:\Windows\SYSTEM32\DSROLE.DLL
[09:00:44] C:\Windows\SYSTEM32\WKSCLI.DLL
[09:00:44] C:\Windows\SYSTEM32\SAMCLI.DLL
[09:00:44] C:\Windows\SYSTEM32\NTASN1.dll
[09:00:44] C:\ProgramData\A-Volute\A-Volute.28054DF1F58B4\Modules\ScheduledModules\x64\AudioDevProps2.dll
[09:00:44] C:\ProgramData\A-Volute\A-Volute.28054DF1F58B4\Modules\ScheduledModules\x64\NahimicOSD.dll
[09:00:44] C:\ProgramData\A-Volute\A-Volute.28054DF1F58B4\Modules\ScheduledModules\x64\ProductInfo.dll
[09:00:44] C:\ProgramData\A-Volute\A-Volute.SonicStudio3\Modules\ScheduledModules\x64\AudioDevProps2.dll
[09:00:44] C:\Windows\System32\clbcatq.dll
[09:00:44] C:\Windows\System32\MMDevApi.dll
[09:00:44] C:\Windows\SYSTEM32\AudioSes.dll
[09:00:44] C:\ProgramData\A-Volute\A-Volute.SonicStudio3\Modules\ScheduledModules\x64\ProductInfo.dll
[09:00:44] C:\Windows\SYSTEM32\d3d11.dll
[09:00:44] C:\Windows\SYSTEM32\profapi.dll
[09:00:44] =====================================================
[09:00:51] Game inited
[09:00:51] alt:V inited
[09:00:51] Game inited
[09:00:52] GPU: AMD Radeon RX 5700 XT
[09:00:52] Dedicated VRAM: 7 GB
[09:00:52] GPU Vendor: 1002
[09:00:53] [WEB] Initialized Web API
[09:00:53] DiscordManager inited
[09:00:53] WebApp started
[09:00:53] alt:V Multiplayer started
[09:00:53] Game path: D:\GTA_V\Grand Theft Auto V
[09:00:53] Client path: D:\GTA_V\ALT_V
[09:00:53] Game version: 3179 on Social Club
[09:05:07] Connect cdn.playv.mp 443 
[09:05:07][Warning] Failed to connect to http://cdn.playv.mp:443 via HTTP. Status code: 400
[09:05:08] Finished downloading all resources
[09:05:08] Download finished
[09:05:08] Mounting resource replaces
[09:05:08] Mounted resource replaces
[09:05:08] Mounting resource maps
[09:05:08] Mounted resource maps
[09:05:08] Mounting resource schafter9
[09:05:08] Mounted resource schafter9
[09:05:08] Mounting resource carmeet
[09:05:08] Mounted resource carmeet
[09:05:08] Mounting resource drafterintcept
[09:05:08] Mounted resource drafterintcept
[09:05:08] Mounting resource nkscout
[09:05:08] Mounted resource nkscout
[09:05:08] Mounting resource policerevolter
[09:05:08] Mounted resource policerevolter
[09:05:08] Mounting resource pwests
[09:05:08] Mounted resource pwests
[09:05:08] Mounting resource s230
[09:05:08] Mounted resource s230
[09:05:08] Mounting resource sentinel4n
[09:05:08] Mounted resource sentinel4n
[09:05:08] Mounting resource sentinelsg4
[09:05:08] Mounted resource sentinelsg4
[09:05:08] Mounting resource sunriser
[09:05:08] Mounted resource sunriser
[09:05:08] Mounting resource trubuffalo
[09:05:08] Mounted resource trubuffalo
[09:05:08] Mounting resource wheelspack
[09:05:08] Mounted resource wheelspack
[09:05:08] Mounting resource test
[09:05:08] Mounted resource test
[09:05:08] Mounting resource stewkawaii
[09:05:08] Mounted resource stewkawaii
[09:05:08] Mounting resource doubled
[09:05:08] Mounted resource doubled
[09:05:08] Mounting resource maximap
[09:05:08] Mounted resource maximap
[09:05:08] Mounting resource colorfulhud
[09:05:08] Mounted resource colorfulhud
[09:05:08] Mounting resource addconcolors
[09:05:08] Mounted resource addconcolors
[09:05:08] Mounting resource elegyrh7
[09:05:08] Mounted resource elegyrh7
[09:05:08] Mounting resource argento
[09:05:08] Mounted resource argento
[09:05:08] Mounting resource asterope
[09:05:08] Mounted resource asterope
[09:05:08] Mounting resource bati901
[09:05:08] Mounted resource bati901
[09:05:08] Mounting resource callista
[09:05:08] Mounted resource callista
[09:05:08] Mounting resource stew_cypherct
[09:05:08] Mounted resource stew_cypherct
[09:05:08] Mounting resource schlagenstr
[09:05:08] Mounted resource schlagenstr
[09:05:08] Mounting resource supergts
[09:05:08] Mounted resource supergts
[09:05:08] Mounting resource jd_flivver
[09:05:08] Mounted resource jd_flivver
[09:05:08] Mounting resource dubsta22
[09:05:08] Mounted resource dubsta22
[09:05:08] Mounting resource cyphart
[09:05:08] Mounted resource cyphart
[09:05:08] Mounting resource cypherwb
[09:05:08] Mounted resource cypherwb
[09:05:08] Mounting resource karby
[09:05:08] Mounted resource karby
[09:05:08] Mounting resource mmtgranger2
[09:05:08] Mounted resource mmtgranger2
[09:05:08] Mounting resource oraclev12
[09:05:08] Mounted resource oraclev12
[09:05:08] Mounting resource packv41
[09:05:08] Mounted resource packv41
[09:05:08] Mounting resource roxanne
[09:05:08] Mounted resource roxanne
[09:05:08] Mounting resource scheisser
[09:05:08] Mounted resource scheisser
[09:05:08] Mounting resource spvigeronew
[09:05:08] Mounted resource spvigeronew
[09:05:08] Mounting resource umkscout
[09:05:08] Mounted resource umkscout
[09:05:08] Game config data setup
[09:05:12] All natives DLC packs preloaded
[09:05:12] Registered int2789279894
[09:05:12] Registered int3232302352
[09:05:12] Registered minimap_0_0
[09:05:12] Registered minimap_0_1
[09:05:12] Registered minimap_0_2
[09:05:12] Registered minimap_0_2
[09:05:12] Registered minimap_0_3
[09:05:12] Registered minimap_0_3
[09:05:12] Registered minimap_0_4
[09:05:12] Registered minimap_0_4
[09:05:12] Registered minimap_0_5
[09:05:12] Registered minimap_0_5
[09:05:12] Registered minimap_0_6
[09:05:12] Registered minimap_1_0
[09:05:12] Registered minimap_1_1
[09:05:12] Registered minimap_1_1
[09:05:12] Registered minimap_1_2
[09:05:12] Registered minimap_1_2
[09:05:12] Registered minimap_1_3
[09:05:12] Registered minimap_1_3
[09:05:12] Registered minimap_1_4
[09:05:12] Registered minimap_1_4
[09:05:12] Registered minimap_1_5
[09:05:12] Registered minimap_1_5
[09:05:12] Registered minimap_1_6
[09:05:12] Registered minimap_1_7
[09:05:12] Registered minimap_1_8
[09:05:12] Registered minimap_2_0
[09:05:12] Registered minimap_2_0
[09:05:12] Registered minimap_2_1
[09:05:12] Registered minimap_2_1
[09:05:12] Registered minimap_2_2
[09:05:12] Registered minimap_2_2
[09:05:12] Registered minimap_2_3
[09:05:12] Registered minimap_2_3
[09:05:12] Registered minimap_2_4
[09:05:12] Registered minimap_2_4
[09:05:13] Registered minimap_2_5
[09:05:13] Registered minimap_2_5
[09:05:13] Registered minimap_2_6
[09:05:13] Registered minimap_2_7
[09:05:13] Registered minimap_2_8
[09:05:13] Registered minimap_3_0
[09:05:13] Registered minimap_3_0
[09:05:13] Registered minimap_3_1
[09:05:13] Registered minimap_3_1
[09:05:13] Registered minimap_3_2
[09:05:13] Registered minimap_3_2
[09:05:13] Registered minimap_3_3
[09:05:13] Registered minimap_3_3
[09:05:13] Registered minimap_3_4
[09:05:13] Registered minimap_3_4
[09:05:13] Registered minimap_3_5
[09:05:13] Registered minimap_3_5
[09:05:13] Registered minimap_3_6
[09:05:13] Registered minimap_3_7
[09:05:13] Registered minimap_3_8
[09:05:13] Registered minimap_4_0
[09:05:13] Registered minimap_4_0
[09:05:13] Registered minimap_4_1
[09:05:13] Registered minimap_4_1
[09:05:13] Registered minimap_4_2
[09:05:13] Registered minimap_4_2
[09:05:13] Registered minimap_4_3
[09:05:13] Registered minimap_4_3
[09:05:13] Registered minimap_4_4
[09:05:13] Registered minimap_4_4
[09:05:13] Registered minimap_4_5
[09:05:13] Registered minimap_4_5
[09:05:13] Registered minimap_4_6
[09:05:13] Registered minimap_4_7
[09:05:13] Registered minimap_4_8
[09:05:13] Registered minimap_5_0
[09:05:13] Registered minimap_5_0
[09:05:13] Registered minimap_5_1
[09:05:13] Registered minimap_5_1
[09:05:13] Registered minimap_5_2
[09:05:13] Registered minimap_5_2
[09:05:13] Registered minimap_5_3
[09:05:13] Registered minimap_5_3
[09:05:13] Registered minimap_5_4
[09:05:13] Registered minimap_5_4
[09:05:13] Registered minimap_5_5
[09:05:13] Registered minimap_5_5
[09:05:13] Registered minimap_5_6
[09:05:13] Registered minimap_5_7
[09:05:13] Registered minimap_5_8
[09:05:13] Registered minimap_6_0
[09:05:13] Registered minimap_6_1
[09:05:13] Registered minimap_6_2
[09:05:13] Registered minimap_6_3
[09:05:13] Registered minimap_6_4
[09:05:13] Registered minimap_6_5
[09:05:13] Registered minimap_6_6
[09:05:13] Registered minimap_6_7
[09:05:13] Registered minimap_6_8
[09:05:13] Registered minimap_7_0
[09:05:13] Registered minimap_7_1
[09:05:13] Registered minimap_7_2
[09:05:13] Registered minimap_7_3
[09:05:13] Registered minimap_7_4
[09:05:13] Registered minimap_7_5
[09:05:13] Registered minimap_7_6
[09:05:13] Registered minimap_lod_128
[09:05:13] Registered minimap_main_map
[09:05:13] Registered minimap_sea_0_0
[09:05:13] Registered minimap_sea_0_1
[09:05:13] Registered minimap_sea_0_2
[09:05:13] Registered minimap_sea_0_3
[09:05:13] Registered minimap_sea_0_4
[09:05:13] Registered minimap_sea_0_5
[09:05:13] Registered minimap_sea_1_0
[09:05:13] Registered minimap_sea_1_1
[09:05:13] Registered minimap_sea_1_2
[09:05:13] Registered minimap_sea_1_3
[09:05:13] Registered minimap_sea_1_4
[09:05:13] Registered minimap_sea_1_5
[09:05:13] Registered minimap_sea_2_0
[09:05:13] Registered minimap_sea_2_1
[09:05:13] Registered minimap_sea_2_2
[09:05:13] Registered minimap_sea_2_3
[09:05:13] Registered minimap_sea_2_4
[09:05:13] Registered minimap_sea_2_5
[09:05:13] Registered minimap_sea_3_0
[09:05:13] Registered minimap_sea_3_1
[09:05:13] Registered minimap_sea_3_2
[09:05:13] Registered minimap_sea_3_3
[09:05:13] Registered minimap_sea_3_4
[09:05:13] Registered minimap_sea_3_5
[09:05:13] Registered minimap_sea_4_0
[09:05:13] Registered minimap_sea_4_1
[09:05:13] Registered minimap_sea_4_2
[09:05:13] Registered minimap_sea_4_3
[09:05:13] Registered minimap_sea_4_4
[09:05:13] Registered minimap_sea_4_5
[09:05:13] Registered minimap_sea_5_0
[09:05:13] Registered minimap_sea_5_1
[09:05:13] Registered minimap_sea_5_2
[09:05:13] Registered minimap_sea_5_3
[09:05:13] Registered minimap_sea_5_4
[09:05:13] Registered minimap_sea_5_5
[09:05:13] Registered hud
[09:05:13] Registered minimap
[09:05:13] Registered mp_big_message_freemode
[09:05:33][Error] CDataFileMgr::FindDataFile() -> Failed to find for: 1373416
[09:05:33][Error] CDataFileMgr::FindDataFile() -> Failed to find for: 1373416
[09:05:33][Error] CDataFileMgr::FindDataFile() -> Failed to find for: 1373416
[09:05:34] Loading FontRenderer
[09:05:34] CreateEnumeratorFromKey
[09:05:34] MoveNext 0 false
[09:05:34] Loaded FontRenderer
[09:05:34] Loaded font face 'rmlui-debugger-font' [regular] from 'memory'.
[09:05:34] Loaded font face 'rmlui-debugger-font' [italic] from 'memory'.
[09:05:34] Loaded font face 'rmlui-fallback-font' [regular] from 'memory'.
[09:05:34] Loaded font face 'rmlui-fallback-font' [italic] from 'memory'.
[09:05:37] Game Started in 296348 ms
[09:05:37] Connecting to: [::ffff:49.13.49.150]:7790 MTU: 1392
[09:05:37] Connected with id: 1
[09:05:37] Connecting to external voice server
[09:05:37] Loading resource replaces
[09:05:37] Loaded resource replaces
[09:05:37] Loading resource maps
[09:05:37] Connected to external voice server
[09:05:38] Loaded resource maps
[09:05:38] Loading resource schafter9
[09:05:38] Loaded resource schafter9
[09:05:38] Loading resource carmeet
[09:05:38] Loaded resource carmeet
[09:05:38] Loading resource drafterintcept
[09:05:38] Loaded resource drafterintcept
[09:05:38] Loading resource nkscout
[09:05:38] Loaded resource nkscout
[09:05:38] Loading resource policerevolter
[09:05:38] Loaded resource policerevolter
[09:05:38] Loading resource pwests
[09:05:38] Loaded resource pwests
[09:05:38] Loading resource s230
[09:05:38] Loaded resource s230
[09:05:38] Loading resource sentinel4n
[09:05:38] Loaded resource sentinel4n
[09:05:38] Loading resource sentinelsg4
[09:05:38] Loaded resource sentinelsg4
[09:05:38] Loading resource sunriser
[09:05:38] Loaded resource sunriser
[09:05:38] Loading resource trubuffalo
[09:05:38] Loaded resource trubuffalo
[09:05:38] Loading resource wheelspack
[09:05:38] Loaded resource wheelspack
[09:05:38] Loading resource test
[09:05:38] Loaded resource test
[09:05:38] Loading resource bug
[09:05:38] [V8] Starting script client/index.js
[09:05:38] [V8] Started script client/index.js
[09:05:38] Loaded resource bug
[09:05:38] Loading resource assets
[09:05:38] Loaded resource assets
[09:05:38] Loading resource playv
[09:05:38] [V8] Starting script client/index.js
[09:05:38] [V8] Started script client/index.js
[09:05:38] Loaded resource playv
[09:05:38] Bounding Asset 'stream/forestsofsasouth/hi@forests_s_e_2_1.ybn'
[09:05:38] Bounding Asset 'stream/forestsofsanorth/hi@forests_n_b_7_0.ybn'
[09:05:38] Bounding Asset 'stream/forestsofsasouth/hi@forests_s_b_6_2.ybn'
[09:05:38] Bounding Asset 'stream/forestsofsasouth/hi@forests_s_a_1_2.ybn'
[09:05:38] Bounding Asset 'stream/forestsofsanorth/forests_n_a_1_1.ybn'
[09:05:38] Bounding Asset 'stream/forestsofsanorth/hi@forests_n_e_7_0.ybn'
[09:05:38] Bounding Asset 'stream/forestsofsanorth/forests_n_a_0_0.ybn'
[09:05:38] Bounding Asset 'stream/forestsofsanorth/forests_n_a_1_0.ybn'
[09:05:38] Bounding Asset 'stream/forestsofsanorth/forests_n_a_0_1.ybn'
[09:05:38] Bounding Asset 'stream/forestsofsanorth/forests_n_a_0_2.ybn'
[09:05:38] Bounding Asset 'stream/forestsofsanorth/forests_n_a_4_0.ybn'
[09:05:38] Bounding Asset 'stream/forestsofsanorth/hi@forests_n_c_2_0.ybn'
[09:05:38] Bounding Asset 'stream/forestsofsanorth/forests_n_a_1_2.ybn'
[09:05:38] Bounding Asset 'stream/forestsofsanorth/forests_n_a_4_1.ybn'
[09:05:38] Bounding Asset 'stream/forestsofsanorth/hi@forests_n_d_3_0.ybn'
[09:05:38] Bounding Asset 'stream/forestsofsanorth/forests_n_a_2_0.ybn'
[09:05:38] Bounding Asset 'stream/forestsofsanorth/forests_n_a_2_1.ybn'
[09:05:38] Bounding Asset 'stream/forestsofsanorth/forests_n_a_2_2.ybn'
[09:05:38] Bounding Asset 'stream/forestsofsanorth/forests_n_b_0_1.ybn'
[09:05:38] Bounding Asset 'stream/gta5remastered/hi@vremastered_j_8_2.ybn'
[09:05:38] Bounding Asset 'stream/forestsofsasouth/hi@forests_s_c_0_1.ybn'
[09:05:38] Bounding Asset 'stream/forestsofsasouth/forests_s_c_2_0.ybn'
[09:05:38] Bounding Asset 'stream/gta5remastered/hi@vremastered_j_2_1.ybn'
[09:05:38] Bounding Asset 'stream/forestsofsanorth/forests_n_a_3_0.ybn'
[09:05:38] Bounding Asset 'stream/forestsofsanorth/forests_n_a_3_1.ybn'
[09:05:38] Bounding Asset 'stream/gta5remastered/vremastered_h_5_1.ybn'
[09:05:38] Bounding Asset 'stream/forestsofsanorth/forests_n_b_5_0.ybn'
[09:05:38] Bounding Asset 'stream/gta5remastered/hi@vremastered_f_7_1.ybn'
[09:05:38] Bounding Asset 'stream/forestsofsanorth/forests_n_a_4_2.ybn'
[09:05:38] Bounding Asset 'stream/gta5remastered/hi@vremastered_a_3_1.ybn'
[09:05:38] Bounding Asset 'stream/gta5remastered/vremastered_e_01_0.ybn'
[09:05:38] Bounding Asset 'stream/forestsofsanorth/hi@forests_n_f_4_1.ybn'
[09:05:38] Bounding Asset 'stream/gta5remastered/vremastered_j_8_0.ybn'
[09:05:38] Bounding Asset 'stream/forestsofsanorth/forests_n_b_4_2.ybn'
[09:05:38] Bounding Asset 'stream/gta5remastered/hi@vremastered_j_4_1.ybn'
[09:05:38] Bounding Asset 'stream/forestsofsanorth/forests_n_a_5_0.ybn'
[09:05:38] Bounding Asset 'stream/gta5remastered/hi@vremastered_j_4_0.ybn'
[09:05:38] Bounding Asset 'stream/forestsofsanorth/forests_n_a_5_1.ybn'
[09:05:38] Bounding Asset 'stream/gta5remastered/vremastered_j_8_2.ybn'
[09:05:38] Bounding Asset 'stream/forestsofsanorth/forests_n_b_4_0.ybn'
[09:05:38] Bounding Asset 'stream/forestsofsanorth/forests_n_a_5_2.ybn'
[09:05:38] Bounding Asset 'stream/forestsofsanorth/hi@forests_n_a_3_1.ybn'
[09:05:38] Bounding Asset 'stream/gta5remastered/hi@vremastered_g_2_1.ybn'
[09:05:38] Bounding Asset 'stream/forestsofsanorth/forests_n_a_6_0.ybn'
[09:05:38] Bounding Asset 'stream/forestsofsanorth/forests_n_a_6_1.ybn'
[09:05:38] Bounding Asset 'stream/gta5remastered/hi@vremastered_e_07_0.ybn'
[09:05:38] Bounding Asset 'stream/forestsofsanorth/forests_n_a_6_2.ybn'
[09:05:38] Bounding Asset 'stream/gta5remastered/vremastered_i_3_1.ybn'
[09:05:38] Bounding Asset 'stream/gta5remastered/vremastered_f_1_0.ybn'
[09:05:38] Bounding Asset 'stream/gta5remastered/hi@vremastered_j_8_0.ybn'
[09:05:38] Bounding Asset 'stream/forestsofsanorth/hi@forests_n_a_2_1.ybn'
[09:05:38] Bounding Asset 'stream/gta5remastered/hi@vremastered_a_0_1.ybn'
[09:05:38] Bounding Asset 'stream/gta5remastered/hi@vremastered_d_7_0.ybn'
[09:05:38] Bounding Asset 'stream/gta5remastered/hi@vremastered_j_3_1.ybn'
[09:05:38] Bounding Asset 'stream/forestsofsanorth/forests_n_b_0_0.ybn'
[09:05:38] Bounding Asset 'stream/forestsofsanorth/forests_n_b_6_0.ybn'
[09:05:38] Bounding Asset 'stream/gta5remastered/hi@vremastered_a_0_2.ybn'
[09:05:38] Bounding Asset 'stream/forestsofsanorth/forests_n_b_1_0.ybn'
[09:05:38] Bounding Asset 'stream/forestsofsanorth/forests_n_b_1_1.ybn'
[09:05:38] Bounding Asset 'stream/forestsofsanorth/forests_n_b_1_2.ybn'
[09:05:38] Bounding Asset 'stream/gta5remastered/vremastered_d_3_1.ybn'
[09:05:38] Bounding Asset 'stream/forestsofsanorth/forests_n_b_2_0.ybn'
[09:05:38] Bounding Asset 'stream/forestsofsanorth/forests_n_b_2_1.ybn'
[09:05:38] Bounding Asset 'stream/forestsofsanorth/forests_n_b_2_2.ybn'
[09:05:38] Bounding Asset 'stream/forestsofsanorth/forests_n_b_3_0.ybn'
[09:05:38] Bounding Asset 'stream/gta5remastered/hi@vremastered_b_2_2.ybn'
[09:05:38] Bounding Asset 'stream/forestsofsasouth/forests_s_f_0_1.ybn'
[09:05:38] Bounding Asset 'stream/forestsofsasouth/hi@forests_s_a_1_0.ybn'
[09:05:38] Bounding Asset 'stream/gta5remastered/hi@vremastered_c_5_1.ybn'
[09:05:38] Bounding Asset 'stream/forestsofsanorth/forests_n_b_3_1.ybn'
[09:05:38] Bounding Asset 'stream/gta5remastered/hi@vremastered_d_8_0.ybn'
[09:05:38] Bounding Asset 'stream/forestsofsanorth/forests_n_b_3_2.ybn'
[09:05:38] Bounding Asset 'stream/forestsofsasouth/hi@forests_s_d_2.ybn'
[09:05:38] Bounding Asset 'stream/gta5remastered/hi@vremastered_b_2_0.ybn'
[09:05:38] Bounding Asset 'stream/forestsofsanorth/forests_n_d_5_2.ybn'
[09:05:38] Bounding Asset 'stream/gta5remastered/hi@vremastered_a_3_2.ybn'
[09:05:38] Bounding Asset 'stream/gta5remastered/vremastered_d_5_0.ybn'
[09:05:38] Bounding Asset 'stream/forestsofsanorth/hi@forests_n_f_4_2.ybn'
[09:05:38] Bounding Asset 'stream/forestsofsanorth/forests_n_b_4_1.ybn'
[09:05:38] Bounding Asset 'stream/forestsofsanorth/forests_n_b_5_1.ybn'
[09:05:38] Bounding Asset 'stream/forestsofsanorth/forests_n_b_6_1.ybn'
[09:05:38] Bounding Asset 'stream/gta5remastered/hi@vremastered_d_5_0.ybn'
[09:05:38] Bounding Asset 'stream/forestsofsanorth/forests_n_b_6_2.ybn'
[09:05:38] Bounding Asset 'stream/forestsofsanorth/forests_n_d_3_2.ybn'
[09:05:38] Bounding Asset 'stream/forestsofsanorth/forests_n_b_7_0.ybn'
[09:05:38] Bounding Asset 'stream/gta5remastered/hi@vremastered_i_0_2.ybn'
[09:05:38] Bounding Asset 'stream/forestsofsanorth/forests_n_b_7_1.ybn'
[09:05:38] Bounding Asset 'stream/forestsofsasouth/forests_s_a_6_0.ybn'
[09:05:38] Bounding Asset 'stream/gta5remastered/hi@vremastered_j_9_0.ybn'
[09:05:38] Bounding Asset 'stream/forestsofsanorth/hi@forests_n_d_3_2.ybn'
[09:05:38] Bounding Asset 'stream/gta5remastered/vremastered_e_09_0.ybn'
[09:05:38] Bounding Asset 'stream/forestsofsasouth/forests_s_d_1_1.ybn'
[09:05:38] Bounding Asset 'stream/gta5remastered/hi@vremastered_h_4_0.ybn'
[09:05:38] Bounding Asset 'stream/gta5remastered/hi@vremastered_d_6_0.ybn'
[09:05:38] Bounding Asset 'stream/gta5remastered/vremastered_a_0_2.ybn'
[09:05:38] Bounding Asset 'stream/forestsofsanorth/forests_n_e_6_2.ybn'
[09:05:38] Bounding Asset 'stream/forestsofsasouth/forests_s_b_1_3.ybn'
[09:05:38] Bounding Asset 'stream/forestsofsasouth/forests_s_d_4_0.ybn'
[09:05:38] Bounding Asset 'stream/forestsofsanorth/forests_n_c_0_0.ybn'
[09:05:38] Bounding Asset 'stream/forestsofsasouth/forests_s_b_1_2.ybn'
[09:05:38] Bounding Asset 'stream/forestsofsasouth/forests_s_d_4_1.ybn'
[09:05:38] Bounding Asset 'stream/forestsofsanorth/forests_n_c_0_1.ybn'
[09:05:38] Bounding Asset 'stream/forestsofsasouth/forests_s_d_5_0.ybn'
[09:05:38] Bounding Asset 'stream/forestsofsanorth/hi@forests_n_e_6_2.ybn'
[09:05:38] Bounding Asset 'stream/forestsofsasouth/forests_s_b_6_1.ybn'
[09:05:38] Bounding Asset 'stream/forestsofsanorth/forests_n_c_1_0.ybn'
[09:05:38] Bounding Asset 'stream/forestsofsasouth/forests_s_b_6_0.ybn'
[09:05:38] Bounding Asset 'stream/forestsofsasouth/forests_s_d_5_1.ybn'
[09:05:38] Bounding Asset 'stream/forestsofsanorth/forests_n_c_1_1.ybn'
[09:05:38] Bounding Asset 'stream/gta5remastered/vremastered_a_4_1.ybn'
[09:05:38] Bounding Asset 'stream/forestsofsasouth/hi@forests_s_d_6_0.ybn'
[09:05:38] Bounding Asset 'stream/forestsofsanorth/forests_n_e_2_1.ybn'
[09:05:38] Bounding Asset 'stream/forestsofsasouth/forests_s_d_6_0.ybn'
[09:05:38] Bounding Asset 'stream/gta5remastered/hi@vremastered_a_5_2.ybn'
[09:05:38] Bounding Asset 'stream/forestsofsanorth/forests_n_c_2_0.ybn'
[09:05:38] Bounding Asset 'stream/forestsofsasouth/forests_s_d_6_1.ybn'
[09:05:38] Bounding Asset 'stream/gta5remastered/hi@vremastered_a_5_3.ybn'
[09:05:38] Bounding Asset 'stream/forestsofsanorth/forests_n_c_2_1.ybn'
[09:05:38] Bounding Asset 'stream/gta5remastered/hi@vremastered_g_5_0.ybn'
[09:05:38] Bounding Asset 'stream/forestsofsasouth/hi@forests_s_e_1_1.ybn'
[09:05:38] Bounding Asset 'stream/forestsofsanorth/hi@forests_n_c_4_1.ybn'
[09:05:38] Bounding Asset 'stream/forestsofsasouth/forests_s_d_7_0.ybn'
[09:05:38] Bounding Asset 'stream/gta5remastered/hi@vremastered_a_4_2.ybn'
[09:05:38] Bounding Asset 'stream/forestsofsasouth/forests_s_b_4_1.ybn'
[09:05:38] Bounding Asset 'stream/forestsofsanorth/hi@forests_n_f_3_2.ybn'
[09:05:38] Bounding Asset 'stream/forestsofsanorth/forests_n_c_3_0.ybn'
[09:05:38] Bounding Asset 'stream/forestsofsasouth/forests_s_b_4_0.ybn'
[09:05:38] Bounding Asset 'stream/forestsofsasouth/forests_s_d_7_1.ybn'
[09:05:38] Bounding Asset 'stream/forestsofsanorth/forests_n_c_3_1.ybn'
[09:05:38] Bounding Asset 'stream/gta5remastered/hi@vremastered_b_4_1.ybn'
[09:05:38] Bounding Asset 'stream/forestsofsasouth/forests_s_d_0_0.ybn'
[09:05:38] Bounding Asset 'stream/forestsofsanorth/forests_n_c_4_0.ybn'
[09:05:38] Bounding Asset 'stream/forestsofsasouth/forests_s_d_0_1.ybn'
[09:05:38] Bounding Asset 'stream/forestsofsanorth/forests_n_c_4_1.ybn'
[09:05:38] Bounding Asset 'stream/forestsofsasouth/forests_s_d_6_2.ybn'
[09:05:38] Bounding Asset 'stream/gta5remastered/hi@vremastered_a_5_0.ybn'
[09:05:38] Bounding Asset 'stream/forestsofsanorth/hi@forests_n_f_2_0.ybn'
[09:05:38] Bounding Asset 'stream/forestsofsanorth/hi@forests_n_d_6_1.ybn'
[09:05:38] Bounding Asset 'stream/forestsofsanorth/forests_n_d_0_1.ybn'
[09:05:38] Bounding Asset 'stream/forestsofsanorth/hi@forests_n_b_6_1.ybn'
[09:05:38] Bounding Asset 'stream/forestsofsanorth/forests_n_f_0_0.ybn'
[09:05:38] Bounding Asset 'stream/forestsofsanorth/forests_n_d_0_0.ybn'
[09:05:38] Bounding Asset 'stream/forestsofsanorth/forests_n_d_0_2.ybn'
[09:05:38] Bounding Asset 'stream/forestsofsanorth/forests_n_d_1_0.ybn'
[09:05:38] Bounding Asset 'stream/forestsofsanorth/forests_n_d_1_1.ybn'
[09:05:38] Bounding Asset 'stream/forestsofsanorth/forests_n_d_1_2.ybn'
[09:05:38] Bounding Asset 'stream/forestsofsanorth/forests_n_d_2_0.ybn'
[09:05:38] Bounding Asset 'stream/forestsofsanorth/forests_n_d_2_1.ybn'
[09:05:38] Bounding Asset 'stream/gta5remastered/vremastered_g_8_1.ybn'
[09:05:38] Bounding Asset 'stream/forestsofsasouth/forests_s_b_7_2.ybn'
[09:05:38] Bounding Asset 'stream/gta5remastered/vremastered_f_8_0.ybn'
[09:05:38] Bounding Asset 'stream/forestsofsanorth/hi@forests_n_e_1_3.ybn'
[09:05:38] Bounding Asset 'stream/gta5remastered/hi@vremastered_i_0_1.ybn'
[09:05:38] Bounding Asset 'stream/forestsofsanorth/forests_n_d_3_0.ybn'
[09:05:38] Bounding Asset 'stream/gta5remastered/hi@vremastered_i_0_0.ybn'
[09:05:38] Bounding Asset 'stream/forestsofsanorth/forests_n_d_3_1.ybn'
[09:05:38] Bounding Asset 'stream/forestsofsanorth/forests_n_d_4_0.ybn'
[09:05:38] Bounding Asset 'stream/gta5remastered/hi@vremastered_i_1_2.ybn'
[09:05:38] Bounding Asset 'stream/forestsofsanorth/forests_n_d_4_1.ybn'
[09:05:38] Bounding Asset 'stream/gta5remastered/hi@vremastered_i_1_1.ybn'
[09:05:38] Bounding Asset 'stream/forestsofsanorth/forests_n_d_4_2.ybn'
[09:05:38] Bounding Asset 'stream/forestsofsasouth/hi@forests_s_e_3_0.ybn'
[09:05:38] Bounding Asset 'stream/forestsofsanorth/forests_n_d_5_0.ybn'
[09:05:38] Bounding Asset 'stream/gta5remastered/hi@vremastered_c_8_1.ybn'
[09:05:38] Bounding Asset 'stream/forestsofsanorth/forests_n_d_5_1.ybn'
[09:05:38] Bounding Asset 'stream/gta5remastered/hi@vremastered_c_8_0.ybn'
[09:05:38] Bounding Asset 'stream/forestsofsanorth/hi@forests_n_b_2_0.ybn'
[09:05:38] Bounding Asset 'stream/forestsofsanorth/forests_n_f_4_1.ybn'
[09:05:38] Bounding Asset 'stream/forestsofsasouth/forests_s_g_2_1.ybn'
[09:05:38] Bounding Asset 'stream/forestsofsanorth/forests_n_d_6_0.ybn'
[09:05:38] Bounding Asset 'stream/forestsofsanorth/forests_n_d_6_1.ybn'
[09:05:38] Bounding Asset 'stream/forestsofsanorth/forests_n_e_8_2.ybn'
[09:05:38] Bounding Asset 'stream/forestsofsanorth/forests_n_e_8_1.ybn'
[09:05:38] Bounding Asset 'stream/forestsofsanorth/forests_n_d_6_2.ybn'
[09:05:38] Bounding Asset 'stream/forestsofsanorth/hi@forests_n_d_4_1.ybn'
[09:05:38] Bounding Asset 'stream/gta5remastered/vremastered_h_0_0.ybn'
[09:05:38] Bounding Asset 'stream/forestsofsasouth/forests_s_b_1_0.ybn'
[09:05:38] Bounding Asset 'stream/gta5remastered/vremastered_e_04_1.ybn'
[09:05:38] Bounding Asset 'stream/forestsofsasouth/forests_s_b_3_1.ybn'
[09:05:38] Bounding Asset 'stream/forestsofsanorth/hi@forests_n_e_5_0.ybn'
[09:05:38] Bounding Asset 'stream/forestsofsanorth/hi@forests_n_d_0_2.ybn'
[09:05:38] Bounding Asset 'stream/forestsofsanorth/hi@forests_n_b_6_2.ybn'
[09:05:38] Bounding Asset 'stream/gta5remastered/hi@vremastered_k_5_0.ybn'
[09:05:38] Bounding Asset 'stream/gta5remastered/vremastered_c_1_1.ybn'
[09:05:38] Bounding Asset 'stream/forestsofsanorth/hi@forests_n_d_4_2.ybn'
[09:05:38] Bounding Asset 'stream/gta5remastered/vremastered_h_0_3.ybn'
[09:05:38] Bounding Asset 'stream/forestsofsasouth/hi@forests_s_d_4_1.ybn'
[09:05:38] Bounding Asset 'stream/forestsofsanorth/forests_n_e_0_0.ybn'
[09:05:38] Bounding Asset 'stream/gta5remastered/vremastered_h_0_2.ybn'
[09:05:38] Bounding Asset 'stream/forestsofsasouth/hi@forests_s_d_4_0.ybn'
[09:05:38] Bounding Asset 'stream/forestsofsanorth/forests_n_e_0_1.ybn'
[09:05:38] Bounding Asset 'stream/forestsofsanorth/hi@forests_n_d_4_0.ybn'
[09:05:38] Bounding Asset 'stream/forestsofsanorth/forests_n_e_0_2.ybn'
[09:05:38] Bounding Asset 'stream/forestsofsanorth/hi@forests_n_d_5_2.ybn'
[09:05:38] Bounding Asset 'stream/forestsofsanorth/forests_n_e_1_0.ybn'
[09:05:38] Bounding Asset 'stream/forestsofsanorth/forests_n_e_1_1.ybn'
[09:05:38] Bounding Asset 'stream/forestsofsanorth/hi@forests_n_d_5_0.ybn'
[09:05:38] Bounding Asset 'stream/forestsofsanorth/forests_n_e_1_2.ybn'
[09:05:38] Bounding Asset 'stream/forestsofsanorth/hi@forests_n_d_5_1.ybn'
[09:05:38] Bounding Asset 'stream/forestsofsanorth/forests_n_e_1_3.ybn'
[09:05:38] Bounding Asset 'stream/forestsofsasouth/hi@forests_s_d_6_1.ybn'
[09:05:38] Bounding Asset 'stream/forestsofsanorth/forests_n_e_2_0.ybn'
[09:05:38] Bounding Asset 'stream/forestsofsanorth/forests_n_e_3_0.ybn'
[09:05:38] Bounding Asset 'stream/forestsofsanorth/forests_n_e_3_1.ybn'
[09:05:38] Bounding Asset 'stream/forestsofsanorth/forests_n_e_3_2.ybn'
[09:05:38] Bounding Asset 'stream/gta5remastered/vremastered_k_5_0.ybn'
[09:05:38] Bounding Asset 'stream/forestsofsasouth/forests_s_d_7_2.ybn'
[09:05:38] Bounding Asset 'stream/gta5remastered/hi@vremastered_a_4_0.ybn'
[09:05:38] Bounding Asset 'stream/forestsofsanorth/hi@forests_n_f_3_0.ybn'
[09:05:38] Bounding Asset 'stream/forestsofsanorth/forests_n_e_4_0.ybn'
[09:05:38] Bounding Asset 'stream/forestsofsanorth/forests_n_e_4_1.ybn'
[09:05:38] Bounding Asset 'stream/gta5remastered/hi@vremastered_b_3_3.ybn'
[09:05:38] Bounding Asset 'stream/gta5remastered/vremastered_j_0_1.ybn'
[09:05:38] Bounding Asset 'stream/forestsofsanorth/forests_n_e_5_0.ybn'
[09:05:38] Bounding Asset 'stream/forestsofsanorth/forests_n_e_5_1.ybn'
[09:05:38] Bounding Asset 'stream/forestsofsasouth/hi@forests_s_d_7_2.ybn'
[09:05:38] Bounding Asset 'stream/forestsofsasouth/hi@forests_s_d_7_1.ybn'
[09:05:38] Bounding Asset 'stream/forestsofsanorth/forests_n_e_5_2.ybn'
[09:05:38] Bounding Asset 'stream/forestsofsanorth/forests_n_e_6_0.ybn'
[09:05:38] Bounding Asset 'stream/forestsofsanorth/forests_n_e_6_1.ybn'
[09:05:38] Bounding Asset 'stream/forestsofsanorth/forests_n_e_7_0.ybn'
[09:05:38] Bounding Asset 'stream/gta5remastered/vremastered_a_1_1.ybn'
[09:05:38] Bounding Asset 'stream/forestsofsanorth/forests_n_e_7_1.ybn'
[09:05:38] Bounding Asset 'stream/forestsofsasouth/forests_s_d_3_2.ybn'
[09:05:38] Bounding Asset 'stream/forestsofsasouth/forests_s_b_0_3.ybn'
[09:05:38] Bounding Asset 'stream/forestsofsanorth/forests_n_e_8_0.ybn'
[09:05:38] Bounding Asset 'stream/gta5remastered/hi@vremastered_a_3_0.ybn'
[09:05:38] Bounding Asset 'stream/gta5remastered/vremastered_e_01_1.ybn'
[09:05:38] Bounding Asset 'stream/forestsofsanorth/hi@forests_n_f_4_0.ybn'
[09:05:38] Bounding Asset 'stream/gta5remastered/hi@vremastered_f_3_0.ybn'
[09:05:38] Bounding Asset 'stream/forestsofsasouth/forests_s_f_4_1.ybn'
[09:05:38] Bounding Asset 'stream/forestsofsanorth/hi@forests_n_e_8_1.ybn'
[09:05:38] Bounding Asset 'stream/forestsofsasouth/hi@forests_s_g_0_0.ybn'
[09:05:38] Bounding Asset 'stream/forestsofsasouth/forests_s_f_1_0.ybn'
[09:05:38] Bounding Asset 'stream/forestsofsasouth/hi@forests_s_e_3_2.ybn'
[09:05:38] Bounding Asset 'stream/forestsofsasouth/forests_s_g_1_1.ybn'
[09:05:38] Bounding Asset 'stream/gta5remastered/hi@vremastered_c_4_0.ybn'
[09:05:38] Bounding Asset 'stream/gta5remastered/hi@vremastered_a_2_0.ybn'
[09:05:38] Bounding Asset 'stream/gta5remastered/vremastered_b_4_2.ybn'
[09:05:38] Bounding Asset 'stream/gta5remastered/hi@vremastered_d_4_1.ybn'
[09:05:38] Bounding Asset 'stream/forestsofsasouth/forests_s_b_7_1.ybn'
[09:05:38] Bounding Asset 'stream/forestsofsanorth/hi@forests_n_e_1_0.ybn'
[09:05:38] Bounding Asset 'stream/forestsofsanorth/hi@forests_n_b_6_0.ybn'
[09:05:38] Bounding Asset 'stream/forestsofsanorth/forests_n_f_0_1.ybn'
[09:05:38] Bounding Asset 'stream/gta5remastered/hi@vremastered_k_5_2.ybn'
[09:05:38] Bounding Asset 'stream/forestsofsanorth/forests_n_f_1_0.ybn'
[09:05:38] Bounding Asset 'stream/forestsofsanorth/forests_n_f_1_1.ybn'
[09:05:38] Bounding Asset 'stream/forestsofsanorth/hi@forests_n_b_4_1.ybn'
[09:05:38] Bounding Asset 'stream/forestsofsanorth/forests_n_f_2_0.ybn'
[09:05:38] Bounding Asset 'stream/forestsofsasouth/forests_s_f_2_2.ybn'
[09:05:38] Bounding Asset 'stream/forestsofsanorth/hi@forests_n_b_4_0.ybn'
[09:05:38] Bounding Asset 'stream/forestsofsanorth/forests_n_f_2_1.ybn'
[09:05:38] Bounding Asset 'stream/gta5remastered/vremastered_f_4_2.ybn'
[09:05:38] Bounding Asset 'stream/gta5remastered/hi@vremastered_e_05_1.ybn'
[09:05:38] Bounding Asset 'stream/forestsofsasouth/forests_s_e_2_1.ybn'
[09:05:38] Bounding Asset 'stream/gta5remastered/hi@vremastered_f_2_2.ybn'
[09:05:38] Bounding Asset 'stream/forestsofsanorth/forests_n_f_3_0.ybn'
[09:05:38] Bounding Asset 'stream/gta5remastered/vremastered_b_3_2.ybn'
[09:05:38] Bounding Asset 'stream/gta5remastered/vremastered_j_4_1.ybn'
[09:05:38] Bounding Asset 'stream/gta5remastered/hi@vremastered_j_7_3.ybn'
[09:05:38] Bounding Asset 'stream/forestsofsasouth/forests_s_e_2_0.ybn'
[09:05:38] Bounding Asset 'stream/forestsofsasouth/hi@forests_s_c_5_2.ybn'
[09:05:38] Bounding Asset 'stream/forestsofsanorth/forests_n_f_3_1.ybn'
[09:05:38] Bounding Asset 'stream/gta5remastered/vremastered_b_3_0.ybn'
[09:05:38] Bounding Asset 'stream/gta5remastered/hi@vremastered_j_7_1.ybn'
[09:05:38] Bounding Asset 'stream/forestsofsasouth/hi@forests_s_c_5_1.ybn'
[09:05:38] Bounding Asset 'stream/gta5remastered/hi@vremastered_f_2_0.ybn'
[09:05:38] Bounding Asset 'stream/forestsofsanorth/forests_n_f_3_2.ybn'
[09:05:38] Bounding Asset 'stream/forestsofsanorth/hi@forests_n_e_3_2.ybn'
[09:05:38] Bounding Asset 'stream/gta5remastered/vremastered_f_0_2.ybn'
[09:05:38] Bounding Asset 'stream/forestsofsanorth/hi@forests_n_b_2_1.ybn'
[09:05:38] Bounding Asset 'stream/forestsofsanorth/forests_n_f_4_0.ybn'
[09:05:38] Bounding Asset 'stream/gta5remastered/vremastered_f_0_0.ybn'
[09:05:38] Bounding Asset 'stream/forestsofsanorth/forests_n_f_4_2.ybn'
[09:05:38] Bounding Asset 'stream/gta5remastered/vremastered_h_2_1.ybn'
[09:05:38] Bounding Asset 'stream/forestsofsanorth/hi@forests_n_d_0_0.ybn'
[09:05:38] Bounding Asset 'stream/forestsofsasouth/hi@forests_s_e_4_0.ybn'
[09:05:38] Bounding Asset 'stream/forestsofsanorth/hi@forests_n_c_1_0.ybn'
[09:05:38] Bounding Asset 'stream/gta5remastered/vremastered_k_3_0.ybn'
[09:05:38] Bounding Asset 'stream/forestsofsasouth/forests_s_c_0_2.ybn'
[09:05:38] Bounding Asset 'stream/forestsofsanorth/hi@forests_n_a_0_0.ybn'
[09:05:38] Bounding Asset 'stream/forestsofsasouth/forests_s_a_5_1.ybn'
[09:05:38] Bounding Asset 'stream/forestsofsanorth/hi@forests_n_a_0_1.ybn'
[09:05:38] Bounding Asset 'stream/gta5remastered/vremastered_j_1_2.ybn'
[09:05:38] Bounding Asset 'stream/forestsofsasouth/forests_s_a_5_0.ybn'
[09:05:38] Bounding Asset 'stream/forestsofsanorth/hi@forests_n_a_0_2.ybn'
[09:05:38] Bounding Asset 'stream/gta5remastered/vremastered_b_0_0.ybn'
[09:05:38] Bounding Asset 'stream/gta5remastered/hi@vremastered_f_0_2.ybn'
[09:05:38] Bounding Asset 'stream/forestsofsanorth/hi@forests_n_a_1_0.ybn'
[09:05:38] Bounding Asset 'stream/gta5remastered/vremastered_b_1_2.ybn'
[09:05:38] Bounding Asset 'stream/forestsofsanorth/hi@forests_n_a_1_1.ybn'
[09:05:38] Bounding Asset 'stream/forestsofsanorth/hi@forests_n_a_1_2.ybn'
[09:05:38] Bounding Asset 'stream/gta5remastered/vremastered_b_1_0.ybn'
[09:05:38] Bounding Asset 'stream/gta5remastered/hi@vremastered_j_5_1.ybn'
[09:05:38] Bounding Asset 'stream/gta5remastered/hi@vremastered_j_8_1.ybn'
[09:05:38] Bounding Asset 'stream/forestsofsanorth/hi@forests_n_a_2_0.ybn'
[09:05:38] Bounding Asset 'stream/forestsofsanorth/hi@forests_n_a_2_2.ybn'
[09:05:38] Bounding Asset 'stream/forestsofsanorth/hi@forests_n_a_3_0.ybn'
[09:05:38] Bounding Asset 'stream/forestsofsanorth/hi@forests_n_a_4_0.ybn'
[09:05:38] Bounding Asset 'stream/forestsofsasouth/forests_s_a_1_1.ybn'
[09:05:38] Bounding Asset 'stream/forestsofsanorth/hi@forests_n_a_4_1.ybn'
[09:05:38] Bounding Asset 'stream/forestsofsasouth/forests_s_a_1_0.ybn'
[09:05:38] Bounding Asset 'stream/forestsofsanorth/hi@forests_n_a_4_2.ybn'
[09:05:38] Bounding Asset 'stream/forestsofsanorth/hi@forests_n_a_5_0.ybn'
[09:05:38] Bounding Asset 'stream/forestsofsanorth/hi@forests_n_a_5_1.ybn'
[09:05:38] Bounding Asset 'stream/forestsofsanorth/hi@forests_n_a_5_2.ybn'
[09:05:38] Bounding Asset 'stream/forestsofsanorth/hi@forests_n_a_6_0.ybn'
[09:05:38] Bounding Asset 'stream/forestsofsasouth/forests_s_a_3_1.ybn'
[09:05:38] Bounding Asset 'stream/forestsofsanorth/hi@forests_n_a_6_1.ybn'
[09:05:38] Bounding Asset 'stream/gta5remastered/hi@vremastered_d_0_2.ybn'
[09:05:38] Bounding Asset 'stream/forestsofsasouth/forests_s_a_3_0.ybn'
[09:05:38] Bounding Asset 'stream/forestsofsanorth/hi@forests_n_a_6_2.ybn'
[09:05:38] Bounding Asset 'stream/gta5remastered/hi@vremastered_d_0_1.ybn'
[09:05:38] Bounding Asset 'stream/forestsofsanorth/hi@forests_n_b_0_0.ybn'
[09:05:38] Bounding Asset 'stream/forestsofsanorth/hi@forests_n_b_0_1.ybn'
[09:05:38] Bounding Asset 'stream/forestsofsanorth/hi@forests_n_b_1_0.ybn'
[09:05:38] Bounding Asset 'stream/gta5remastered/vremastered_c_8_1.ybn'
[09:05:38] Bounding Asset 'stream/forestsofsanorth/hi@forests_n_b_1_1.ybn'
[09:05:38] Bounding Asset 'stream/gta5remastered/vremastered_c_8_0.ybn'
[09:05:38] Bounding Asset 'stream/forestsofsanorth/hi@forests_n_b_1_2.ybn'
[09:05:38] Bounding Asset 'stream/gta5remastered/vremastered_f_0_1.ybn'
[09:05:38] Bounding Asset 'stream/forestsofsanorth/hi@forests_n_b_2_2.ybn'
[09:05:38] Bounding Asset 'stream/forestsofsanorth/hi@forests_n_b_3_0.ybn'
[09:05:38] Bounding Asset 'stream/forestsofsanorth/hi@forests_n_b_3_1.ybn'
[09:05:38] Bounding Asset 'stream/forestsofsanorth/hi@forests_n_b_3_2.ybn'
[09:05:38] Bounding Asset 'stream/forestsofsasouth/forests_s_f_2_0.ybn'
[09:05:38] Bounding Asset 'stream/forestsofsanorth/hi@forests_n_b_4_2.ybn'
[09:05:38] Bounding Asset 'stream/forestsofsanorth/hi@forests_n_b_5_0.ybn'
[09:05:38] Bounding Asset 'stream/forestsofsanorth/hi@forests_n_b_5_1.ybn'
[09:05:38] Bounding Asset 'stream/forestsofsanorth/hi@forests_n_b_7_1.ybn'
[09:05:38] Bounding Asset 'stream/forestsofsanorth/hi@forests_n_c_0_0.ybn'
[09:05:38] Bounding Asset 'stream/forestsofsasouth/hi@forests_s_b_1_3.ybn'
[09:05:38] Bounding Asset 'stream/gta5remastered/hi@vremastered_g_1_0.ybn'
[09:05:38] Bounding Asset 'stream/gta5remastered/hi@vremastered_k_3_2.ybn'
[09:05:38] Bounding Asset 'stream/forestsofsanorth/hi@forests_n_c_0_1.ybn'
[09:05:38] Bounding Asset 'stream/forestsofsasouth/hi@forests_s_b_1_2.ybn'
[09:05:38] Bounding Asset 'stream/forestsofsasouth/hi@forests_s_e_4_1.ybn'
[09:05:38] Bounding Asset 'stream/forestsofsanorth/hi@forests_n_c_1_1.ybn'
[09:05:38] Bounding Asset 'stream/gta5remastered/hi@vremastered_g_3_0.ybn'
[09:05:38] Bounding Asset 'stream/forestsofsanorth/hi@forests_n_c_2_1.ybn'
[09:05:38] Bounding Asset 'stream/forestsofsasouth/forests_s_c_1_2.ybn'
[09:05:38] Bounding Asset 'stream/forestsofsanorth/hi@forests_n_c_3_0.ybn'
[09:05:38] Bounding Asset 'stream/forestsofsanorth/hi@forests_n_c_3_1.ybn'
[09:05:38] Bounding Asset 'stream/forestsofsasouth/hi@forests_s_e_1_0.ybn'
[09:05:38] Bounding Asset 'stream/gta5remastered/vremastered_d_0_2.ybn'
[09:05:38] Bounding Asset 'stream/forestsofsanorth/hi@forests_n_c_4_0.ybn'
[09:05:38] Bounding Asset 'stream/forestsofsanorth/hi@forests_n_d_0_1.ybn'
[09:05:38] Bounding Asset 'stream/forestsofsanorth/hi@forests_n_d_1_0.ybn'
[09:05:38] Bounding Asset 'stream/forestsofsasouth/hi@forests_s_b_3_2.ybn'
[09:05:38] Bounding Asset 'stream/forestsofsanorth/hi@forests_n_d_1_1.ybn'
[09:05:38] Bounding Asset 'stream/forestsofsasouth/hi@forests_s_b_3_1.ybn'
[09:05:38] Bounding Asset 'stream/forestsofsanorth/hi@forests_n_d_1_2.ybn'
[09:05:38] Bounding Asset 'stream/forestsofsanorth/hi@forests_n_d_2_0.ybn'
[09:05:38] Bounding Asset 'stream/forestsofsasouth/hi@forests_s_a_6_2.ybn'
[09:05:38] Bounding Asset 'stream/forestsofsanorth/hi@forests_n_d_2_1.ybn'
[09:05:38] Bounding Asset 'stream/forestsofsanorth/hi@forests_n_d_3_1.ybn'
[09:05:38] Bounding Asset 'stream/forestsofsanorth/hi@forests_n_d_6_0.ybn'
[09:05:38] Bounding Asset 'stream/forestsofsanorth/hi@forests_n_d_6_2.ybn'
[09:05:38] Bounding Asset 'stream/forestsofsasouth/hi@forests_s_g_1_1.ybn'
[09:05:38] Bounding Asset 'stream/forestsofsanorth/hi@forests_n_e_0_0.ybn'
[09:05:38] Bounding Asset 'stream/forestsofsanorth/hi@forests_n_e_0_1.ybn'
[09:05:38] Bounding Asset 'stream/forestsofsanorth/hi@forests_n_e_0_2.ybn'
[09:05:38] Bounding Asset 'stream/gta5remastered/hi@vremastered_k_0_0.ybn'
[09:05:38] Bounding Asset 'stream/forestsofsasouth/forests_s_b_7_0.ybn'
[09:05:38] Bounding Asset 'stream/gta5remastered/vremastered_f_8_2.ybn'
[09:05:38] Bounding Asset 'stream/forestsofsanorth/hi@forests_n_e_1_1.ybn'
[09:05:38] Bounding Asset 'stream/gta5remastered/vremastered_f_8_1.ybn'
[09:05:38] Bounding Asset 'stream/forestsofsanorth/hi@forests_n_e_1_2.ybn'
[09:05:38] Bounding Asset 'stream/forestsofsanorth/hi@forests_n_e_2_0.ybn'
[09:05:38] Bounding Asset 'stream/forestsofsanorth/hi@forests_n_e_2_1.ybn'
[09:05:38] Bounding Asset 'stream/forestsofsanorth/hi@forests_n_e_3_0.ybn'
[09:05:38] Bounding Asset 'stream/forestsofsasouth/forests_s_b_5_1.ybn'
[09:05:38] Bounding Asset 'stream/forestsofsanorth/hi@forests_n_e_3_1.ybn'
[09:05:38] Bounding Asset 'stream/forestsofsasouth/forests_s_b_5_0.ybn'
[09:05:38] Bounding Asset 'stream/forestsofsanorth/hi@forests_n_e_4_0.ybn'
[09:05:38] Bounding Asset 'stream/forestsofsanorth/hi@forests_n_e_4_1.ybn'
[09:05:38] Bounding Asset 'stream/forestsofsanorth/hi@forests_n_e_5_1.ybn'
[09:05:38] Bounding Asset 'stream/forestsofsasouth/forests_s_b_3_0.ybn'
[09:05:38] Bounding Asset 'stream/forestsofsanorth/hi@forests_n_e_5_2.ybn'
[09:05:38] Bounding Asset 'stream/forestsofsanorth/hi@forests_n_e_6_0.ybn'
[09:05:38] Bounding Asset 'stream/forestsofsanorth/hi@forests_n_e_6_1.ybn'
[09:05:38] Bounding Asset 'stream/forestsofsasouth/forests_s_b_6_2.ybn'
[09:05:38] Bounding Asset 'stream/forestsofsanorth/hi@forests_n_e_7_1.ybn'
[09:05:38] Bounding Asset 'stream/forestsofsanorth/hi@forests_n_e_8_0.ybn'
[09:05:38] Bounding Asset 'stream/forestsofsasouth/hi@forests_s_g_0_1.ybn'
[09:05:38] Bounding Asset 'stream/forestsofsanorth/hi@forests_n_e_8_2.ybn'
[09:05:38] Bounding Asset 'stream/gta5remastered/vremastered_k_4_1.ybn'
[09:05:38] Bounding Asset 'stream/gta5remastered/vremastered_g_1_0.ybn'
[09:05:38] Bounding Asset 'stream/forestsofsanorth/hi@forests_n_f_0_0.ybn'
[09:05:38] Bounding Asset 'stream/forestsofsanorth/hi@forests_n_f_0_1.ybn'
[09:05:38] Bounding Asset 'stream/forestsofsanorth/hi@forests_n_f_1_0.ybn'
[09:05:38] Bounding Asset 'stream/forestsofsanorth/hi@forests_n_f_1_1.ybn'
[09:05:38] Bounding Asset 'stream/gta5remastered/hi@vremastered_a_5_1.ybn'
[09:05:38] Bounding Asset 'stream/forestsofsanorth/hi@forests_n_f_2_1.ybn'
[09:05:38] Bounding Asset 'stream/gta5remastered/hi@vremastered_a_4_1.ybn'
[09:05:38] Bounding Asset 'stream/forestsofsanorth/hi@forests_n_f_3_1.ybn'
[09:05:38] Bounding Asset 'stream/forestsofsasouth/forests_s_a_0_0.ybn'
[09:05:38] Bounding Asset 'stream/forestsofsasouth/forests_s_a_0_1.ybn'
[09:05:38] Bounding Asset 'stream/forestsofsasouth/forests_s_a_0_2.ybn'
[09:05:38] Bounding Asset 'stream/forestsofsasouth/forests_s_e_3_1.ybn'
[09:05:38] Bounding Asset 'stream/gta5remastered/hi@vremastered_f_5_0.ybn'
[09:05:38] Bounding Asset 'stream/gta5remastered/vremastered_b_4_0.ybn'
[09:05:38] Bounding Asset 'stream/forestsofsasouth/forests_s_a_1_2.ybn'
[09:05:38] Bounding Asset 'stream/gta5remastered/hi@vremastered_d_1_2.ybn'
[09:05:38] Bounding Asset 'stream/forestsofsasouth/forests_s_a_2_0.ybn'
[09:05:38] Bounding Asset 'stream/gta5remastered/hi@vremastered_d_1_3.ybn'
[09:05:38] Bounding Asset 'stream/forestsofsasouth/forests_s_a_2_1.ybn'
[09:05:38] Bounding Asset 'stream/forestsofsasouth/forests_s_a_2_2.ybn'
[09:05:38] Bounding Asset 'stream/gta5remastered/hi@vremastered_d_1_0.ybn'
[09:05:38] Bounding Asset 'stream/gta5remastered/hi@vremastered_d_0_0.ybn'
[09:05:38] Bounding Asset 'stream/forestsofsasouth/forests_s_a_3_2.ybn'
[09:05:38] Bounding Asset 'stream/forestsofsasouth/forests_s_a_4_0.ybn'
[09:05:38] Bounding Asset 'stream/forestsofsasouth/hi@forests_s_g_2_3.ybn'
[09:05:38] Bounding Asset 'stream/forestsofsasouth/forests_s_b_2_1.ybn'
[09:05:38] Bounding Asset 'stream/forestsofsasouth/forests_s_a_4_1.ybn'
[09:05:38] Bounding Asset 'stream/forestsofsasouth/hi@forests_s_g_2_2.ybn'
[09:05:38] Bounding Asset 'stream/forestsofsasouth/forests_s_b_2_0.ybn'
[09:05:38] Bounding Asset 'stream/gta5remastered/vremastered_b_0_1.ybn'
[09:05:38] Bounding Asset 'stream/gta5remastered/vremastered_j_1_0.ybn'
[09:05:38] Bounding Asset 'stream/forestsofsasouth/forests_s_a_5_2.ybn'
[09:05:38] Bounding Asset 'stream/forestsofsasouth/forests_s_a_6_1.ybn'
[09:05:38] Bounding Asset 'stream/gta5remastered/hi@vremastered_j_9_1.ybn'
[09:05:38] Bounding Asset 'stream/forestsofsasouth/forests_s_a_6_2.ybn'
[09:05:38] Bounding Asset 'stream/forestsofsasouth/forests_s_b_0_2.ybn'
[09:05:38] Bounding Asset 'stream/forestsofsasouth/forests_s_c_3_1.ybn'
[09:05:38] Bounding Asset 'stream/forestsofsasouth/forests_s_e_0_1.ybn'
[09:05:38] Bounding Asset 'stream/forestsofsasouth/hi@forests_s_f_2_2.ybn'
[09:05:38] Bounding Asset 'stream/gta5remastered/vremastered_d_4_0.ybn'
[09:05:38] Bounding Asset 'stream/forestsofsasouth/forests_s_b_0_0.ybn'
[09:05:38] Bounding Asset 'stream/forestsofsasouth/forests_s_d_3_1.ybn'
[09:05:38] Bounding Asset 'stream/forestsofsasouth/forests_s_d_3_0.ybn'
[09:05:38] Bounding Asset 'stream/forestsofsasouth/forests_s_b_0_1.ybn'
[09:05:38] Bounding Asset 'stream/forestsofsasouth/forests_s_b_1_1.ybn'
[09:05:38] Bounding Asset 'stream/forestsofsasouth/hi@forests_s_b_4_1.ybn'
[09:05:38] Bounding Asset 'stream/forestsofsasouth/forests_s_b_3_2.ybn'
[09:05:38] Bounding Asset 'stream/forestsofsasouth/forests_s_b_5_2.ybn'
[09:05:38] Bounding Asset 'stream/forestsofsasouth/hi@forests_s_f_0_2.ybn'
[09:05:38] Bounding Asset 'stream/gta5remastered/vremastered_i_0_1.ybn'
[09:05:38] Bounding Asset 'stream/forestsofsasouth/hi@forests_s_c_2_1.ybn'
[09:05:38] Bounding Asset 'stream/gta5remastered/vremastered_k_3_2.ybn'
[09:05:38] Bounding Asset 'stream/forestsofsasouth/forests_s_c_0_0.ybn'
[09:05:38] Bounding Asset 'stream/forestsofsasouth/hi@forests_s_c_2_0.ybn'
[09:05:38] Bounding Asset 'stream/forestsofsasouth/forests_s_c_0_1.ybn'
[09:05:38] Bounding Asset 'stream/gta5remastered/hi@vremastered_g_4_1.ybn'
[09:05:38] Bounding Asset 'stream/forestsofsasouth/forests_s_c_1_0.ybn'
[09:05:38] Bounding Asset 'stream/gta5remastered/hi@vremastered_g_4_0.ybn'
[09:05:38] Bounding Asset 'stream/forestsofsasouth/forests_s_c_1_1.ybn'
[09:05:38] Bounding Asset 'stream/forestsofsasouth/hi@forests_s_c_0_0.ybn'
[09:05:38] Bounding Asset 'stream/forestsofsasouth/forests_s_c_2_1.ybn'
[09:05:38] Bounding Asset 'stream/forestsofsasouth/forests_s_c_3_0.ybn'
[09:05:38] Bounding Asset 'stream/gta5remastered/vremastered_d_2_1.ybn'
[09:05:38] Bounding Asset 'stream/forestsofsasouth/forests_s_c_3_2.ybn'
[09:05:38] Bounding Asset 'stream/forestsofsasouth/forests_s_c_4_0.ybn'
[09:05:38] Bounding Asset 'stream/forestsofsasouth/forests_s_c_4_1.ybn'
[09:05:38] Bounding Asset 'stream/forestsofsasouth/forests_s_c_5_0.ybn'
[09:05:38] Bounding Asset 'stream/forestsofsasouth/forests_s_c_5_1.ybn'
[09:05:38] Bounding Asset 'stream/forestsofsasouth/hi@forests_s_b_0_1.ybn'
[09:05:38] Bounding Asset 'stream/forestsofsasouth/forests_s_c_5_2.ybn'
[09:05:38] Bounding Asset 'stream/forestsofsasouth/hi@forests_s_c_4_1.ybn'
[09:05:38] Bounding Asset 'stream/forestsofsasouth/forests_s_c_6_0.ybn'
[09:05:38] Bounding Asset 'stream/forestsofsasouth/hi@forests_s_c_4_0.ybn'
[09:05:38] Bounding Asset 'stream/forestsofsasouth/forests_s_c_6_1.ybn'
[09:05:39] Bounding Asset 'stream/forestsofsasouth/forests_s_c_6_2.ybn'
[09:05:39] Bounding Asset 'stream/gta5remastered/hi@vremastered_f_4_2.ybn'
[09:05:39] Bounding Asset 'stream/forestsofsasouth/forests_s_d_1_0.ybn'
[09:05:39] Bounding Asset 'stream/forestsofsasouth/hi@forests_s_e_2_0.ybn'
[09:05:39] Bounding Asset 'stream/forestsofsasouth/hi@forests_s_c_3_1.ybn'
[09:05:39] Bounding Asset 'stream/gta5remastered/hi@vremastered_f_4_0.ybn'
[09:05:39] Bounding Asset 'stream/forestsofsasouth/forests_s_d_2.ybn'
[09:05:39] Bounding Asset 'stream/forestsofsasouth/forests_s_e_0_0.ybn'
[09:05:39] Bounding Asset 'stream/gta5remastered/hi@vremastered_i_2_2.ybn'
[09:05:39] Bounding Asset 'stream/gta5remastered/vremastered_k_0_0.ybn'
[09:05:39] Bounding Asset 'stream/gta5remastered/vremastered_g_5_1.ybn'
[09:05:39] Bounding Asset 'stream/forestsofsasouth/hi@forests_s_a_2_0.ybn'
[09:05:39] Bounding Asset 'stream/gta5remastered/hi@vremastered_e_00_0.ybn'
[09:05:39] Bounding Asset 'stream/forestsofsasouth/hi@forests_s_c_3_0.ybn'
[09:05:39] Bounding Asset 'stream/gta5remastered/hi@vremastered_f_4_1.ybn'
[09:05:39] Bounding Asset 'stream/forestsofsasouth/forests_s_e_0_2.ybn'
[09:05:39] Bounding Asset 'stream/forestsofsasouth/forests_s_e_1_0.ybn'
[09:05:39] Bounding Asset 'stream/forestsofsasouth/forests_s_e_1_1.ybn'
[09:05:39] Bounding Asset 'stream/forestsofsasouth/forests_s_e_2_2.ybn'
[09:05:39] Bounding Asset 'stream/forestsofsasouth/hi@forests_s_c_5_0.ybn'
[09:05:39] Bounding Asset 'stream/gta5remastered/hi@vremastered_f_2_1.ybn'
[09:05:39] Bounding Asset 'stream/forestsofsasouth/forests_s_e_3_0.ybn'
[09:05:39] Bounding Asset 'stream/gta5remastered/hi@vremastered_f_5_1.ybn'
[09:05:39] Bounding Asset 'stream/forestsofsasouth/forests_s_e_3_2.ybn'
[09:05:39] Bounding Asset 'stream/gta5remastered/hi@vremastered_k_3_0.ybn'
[09:05:39] Bounding Asset 'stream/gta5remastered/vremastered_c_7_1.ybn'
[09:05:39] Bounding Asset 'stream/forestsofsasouth/forests_s_e_4_0.ybn'
[09:05:39] Bounding Asset 'stream/forestsofsasouth/forests_s_e_4_1.ybn'
[09:05:39] Bounding Asset 'stream/forestsofsasouth/forests_s_e_4_2.ybn'
[09:05:39] Bounding Asset 'stream/gta5remastered/vremastered_h_1_2.ybn'
[09:05:39] Bounding Asset 'stream/forestsofsasouth/forests_s_f_0_0.ybn'
[09:05:39] Bounding Asset 'stream/gta5remastered/vremastered_h_1_0.ybn'
[09:05:39] Bounding Asset 'stream/forestsofsasouth/forests_s_f_0_2.ybn'
[09:05:39] Bounding Asset 'stream/forestsofsasouth/forests_s_f_1_1.ybn'
[09:05:39] Bounding Asset 'stream/forestsofsasouth/forests_s_f_2_1.ybn'
[09:05:39] Bounding Asset 'stream/forestsofsasouth/forests_s_f_3_0.ybn'
[09:05:39] Bounding Asset 'stream/forestsofsasouth/forests_s_f_3_1.ybn'
[09:05:39] Bounding Asset 'stream/forestsofsasouth/forests_s_f_4_0.ybn'
[09:05:39] Bounding Asset 'stream/forestsofsasouth/forests_s_f_4_2.ybn'
[09:05:39] Bounding Asset 'stream/gta5remastered/hi@vremastered_a_1_0.ybn'
[09:05:39] Bounding Asset 'stream/gta5remastered/vremastered_i_3_2.ybn'
[09:05:39] Bounding Asset 'stream/gta5remastered/vremastered_a_3_2.ybn'
[09:05:39] Bounding Asset 'stream/forestsofsasouth/forests_s_g_0_0.ybn'
[09:05:39] Bounding Asset 'stream/forestsofsasouth/forests_s_g_0_1.ybn'
[09:05:39] Bounding Asset 'stream/gta5remastered/hi@vremastered_i_5_1.ybn'
[09:05:39] Bounding Asset 'stream/forestsofsasouth/forests_s_g_0_2.ybn'
[09:05:39] Bounding Asset 'stream/forestsofsasouth/forests_s_g_1_0.ybn'
[09:05:39] Bounding Asset 'stream/gta5remastered/hi@vremastered_c_4_1.ybn'
[09:05:39] Bounding Asset 'stream/forestsofsasouth/forests_s_g_2_0.ybn'
[09:05:39] Bounding Asset 'stream/forestsofsasouth/forests_s_g_2_2.ybn'
[09:05:39] Bounding Asset 'stream/forestsofsasouth/forests_s_g_2_3.ybn'
[09:05:39] Bounding Asset 'stream/forestsofsasouth/hi@forests_s_a_1_1.ybn'
[09:05:39] Bounding Asset 'stream/gta5remastered/hi@vremastered_c_5_0.ybn'
[09:05:39] Bounding Asset 'stream/gta5remastered/hi@vremastered_e_00_1.ybn'
[09:05:39] Bounding Asset 'stream/forestsofsasouth/hi@forests_s_a_0_0.ybn'
[09:05:39] Bounding Asset 'stream/forestsofsasouth/hi@forests_s_a_0_1.ybn'
[09:05:39] Bounding Asset 'stream/forestsofsasouth/hi@forests_s_a_0_2.ybn'
[09:05:39] Bounding Asset 'stream/forestsofsasouth/hi@forests_s_a_2_1.ybn'
[09:05:39] Bounding Asset 'stream/gta5remastered/hi@vremastered_c_0_2.ybn'
[09:05:39] Bounding Asset 'stream/forestsofsasouth/hi@forests_s_a_2_2.ybn'
[09:05:39] Bounding Asset 'stream/gta5remastered/hi@vremastered_c_0_1.ybn'
[09:05:39] Bounding Asset 'stream/forestsofsasouth/hi@forests_s_a_3_0.ybn'
[09:05:39] Bounding Asset 'stream/gta5remastered/hi@vremastered_c_7_1.ybn'
[09:05:39] Bounding Asset 'stream/gta5remastered/vremastered_c_3.ybn'
[09:05:39] Bounding Asset 'stream/forestsofsasouth/hi@forests_s_a_3_1.ybn'
[09:05:39] Bounding Asset 'stream/gta5remastered/hi@vremastered_c_7_0.ybn'
[09:05:39] Bounding Asset 'stream/forestsofsasouth/hi@forests_s_a_3_2.ybn'
[09:05:39] Bounding Asset 'stream/forestsofsasouth/hi@forests_s_a_4_0.ybn'
[09:05:39] Bounding Asset 'stream/forestsofsasouth/hi@forests_s_a_4_1.ybn'
[09:05:39] Bounding Asset 'stream/forestsofsasouth/hi@forests_s_a_5_0.ybn'
[09:05:39] Bounding Asset 'stream/gta5remastered/hi@vremastered_c_1_1.ybn'
[09:05:39] Bounding Asset 'stream/forestsofsasouth/hi@forests_s_a_5_1.ybn'
[09:05:39] Bounding Asset 'stream/gta5remastered/hi@vremastered_c_1_0.ybn'
[09:05:39] Bounding Asset 'stream/forestsofsasouth/hi@forests_s_a_5_2.ybn'
[09:05:39] Bounding Asset 'stream/forestsofsasouth/hi@forests_s_a_6_0.ybn'
[09:05:39] Bounding Asset 'stream/forestsofsasouth/hi@forests_s_a_6_1.ybn'
[09:05:39] Bounding Asset 'stream/forestsofsasouth/hi@forests_s_b_0_0.ybn'
[09:05:39] Bounding Asset 'stream/forestsofsasouth/hi@forests_s_b_0_2.ybn'
[09:05:39] Bounding Asset 'stream/forestsofsasouth/hi@forests_s_b_0_3.ybn'
[09:05:39] Bounding Asset 'stream/forestsofsasouth/hi@forests_s_b_1_0.ybn'
[09:05:39] Bounding Asset 'stream/forestsofsasouth/hi@forests_s_b_1_1.ybn'
[09:05:39] Bounding Asset 'stream/forestsofsasouth/hi@forests_s_b_2_0.ybn'
[09:05:39] Bounding Asset 'stream/forestsofsasouth/hi@forests_s_b_2_1.ybn'
[09:05:39] Bounding Asset 'stream/forestsofsasouth/hi@forests_s_b_3_0.ybn'
[09:05:39] Bounding Asset 'stream/forestsofsasouth/hi@forests_s_b_4_0.ybn'
[09:05:39] Bounding Asset 'stream/forestsofsasouth/hi@forests_s_b_5_0.ybn'
[09:05:39] Bounding Asset 'stream/forestsofsasouth/hi@forests_s_b_5_1.ybn'
[09:05:39] Bounding Asset 'stream/forestsofsasouth/hi@forests_s_b_5_2.ybn'
[09:05:39] Bounding Asset 'stream/forestsofsasouth/hi@forests_s_b_6_0.ybn'
[09:05:39] Bounding Asset 'stream/forestsofsasouth/hi@forests_s_b_6_1.ybn'
[09:05:39] Bounding Asset 'stream/forestsofsasouth/hi@forests_s_b_7_0.ybn'
[09:05:39] Bounding Asset 'stream/forestsofsasouth/hi@forests_s_b_7_1.ybn'
[09:05:39] Bounding Asset 'stream/forestsofsasouth/hi@forests_s_b_7_2.ybn'
[09:05:39] Bounding Asset 'stream/forestsofsasouth/hi@forests_s_c_0_2.ybn'
[09:05:39] Bounding Asset 'stream/forestsofsasouth/hi@forests_s_c_1_0.ybn'
[09:05:39] Bounding Asset 'stream/gta5remastered/hi@vremastered_f_6_1.ybn'
[09:05:39] Bounding Asset 'stream/forestsofsasouth/hi@forests_s_c_1_1.ybn'
[09:05:39] Bounding Asset 'stream/gta5remastered/hi@vremastered_f_6_0.ybn'
[09:05:39] Bounding Asset 'stream/forestsofsasouth/hi@forests_s_c_1_2.ybn'
[09:05:39] Bounding Asset 'stream/forestsofsasouth/hi@forests_s_c_3_2.ybn'
[09:05:39] Bounding Asset 'stream/forestsofsasouth/hi@forests_s_c_6_0.ybn'
[09:05:39] Bounding Asset 'stream/forestsofsasouth/hi@forests_s_c_6_1.ybn'
[09:05:39] Bounding Asset 'stream/forestsofsasouth/hi@forests_s_c_6_2.ybn'
[09:05:39] Bounding Asset 'stream/forestsofsasouth/hi@forests_s_d_0_0.ybn'
[09:05:39] Bounding Asset 'stream/forestsofsasouth/hi@forests_s_d_0_1.ybn'
[09:05:39] Bounding Asset 'stream/forestsofsasouth/hi@forests_s_d_1_0.ybn'
[09:05:39] Bounding Asset 'stream/forestsofsasouth/hi@forests_s_d_1_1.ybn'
[09:05:39] Bounding Asset 'stream/forestsofsasouth/hi@forests_s_d_3_0.ybn'
[09:05:39] Bounding Asset 'stream/forestsofsasouth/hi@forests_s_d_3_1.ybn'
[09:05:39] Bounding Asset 'stream/forestsofsasouth/hi@forests_s_d_3_2.ybn'
[09:05:39] Bounding Asset 'stream/forestsofsasouth/hi@forests_s_d_5_0.ybn'
[09:05:39] Bounding Asset 'stream/forestsofsasouth/hi@forests_s_d_5_1.ybn'
[09:05:39] Bounding Asset 'stream/forestsofsasouth/hi@forests_s_d_6_2.ybn'
[09:05:39] Bounding Asset 'stream/forestsofsasouth/hi@forests_s_d_7_0.ybn'
[09:05:39] Bounding Asset 'stream/gta5remastered/vremastered_a_4_2.ybn'
[09:05:39] Bounding Asset 'stream/forestsofsasouth/hi@forests_s_e_0_0.ybn'
[09:05:39] Bounding Asset 'stream/forestsofsasouth/hi@forests_s_e_0_1.ybn'
[09:05:39] Bounding Asset 'stream/gta5remastered/vremastered_a_4_0.ybn'
[09:05:39] Bounding Asset 'stream/forestsofsasouth/hi@forests_s_e_0_2.ybn'
[09:05:39] Bounding Asset 'stream/forestsofsasouth/hi@forests_s_e_2_2.ybn'
[09:05:39] Bounding Asset 'stream/forestsofsasouth/hi@forests_s_e_3_1.ybn'
[09:05:39] Bounding Asset 'stream/forestsofsasouth/hi@forests_s_e_4_2.ybn'
[09:05:39] Bounding Asset 'stream/forestsofsasouth/hi@forests_s_f_0_0.ybn'
[09:05:39] Bounding Asset 'stream/forestsofsasouth/hi@forests_s_f_0_1.ybn'
[09:05:39] Bounding Asset 'stream/forestsofsasouth/hi@forests_s_f_1_0.ybn'
[09:05:39] Bounding Asset 'stream/forestsofsasouth/hi@forests_s_f_1_1.ybn'
[09:05:39] Bounding Asset 'stream/forestsofsasouth/hi@forests_s_f_2_0.ybn'
[09:05:39] Bounding Asset 'stream/forestsofsasouth/hi@forests_s_f_2_1.ybn'
[09:05:39] Bounding Asset 'stream/forestsofsasouth/hi@forests_s_f_3_0.ybn'
[09:05:39] Bounding Asset 'stream/forestsofsasouth/hi@forests_s_f_3_1.ybn'
[09:05:39] Bounding Asset 'stream/forestsofsasouth/hi@forests_s_f_4_0.ybn'
[09:05:39] Bounding Asset 'stream/forestsofsasouth/hi@forests_s_f_4_1.ybn'
[09:05:39] Bounding Asset 'stream/forestsofsasouth/hi@forests_s_f_4_2.ybn'
[09:05:39] Bounding Asset 'stream/forestsofsasouth/hi@forests_s_g_0_2.ybn'
[09:05:39] Bounding Asset 'stream/forestsofsasouth/hi@forests_s_g_1_0.ybn'
[09:05:39] Bounding Asset 'stream/forestsofsasouth/hi@forests_s_g_2_0.ybn'
[09:05:39] Bounding Asset 'stream/forestsofsasouth/hi@forests_s_g_2_1.ybn'
[09:05:39] Bounding Asset 'stream/gta5remastered/hi@vremastered_a_0_0.ybn'
[09:05:39] Bounding Asset 'stream/gta5remastered/hi@vremastered_a_1_1.ybn'
[09:05:39] Bounding Asset 'stream/gta5remastered/hi@vremastered_a_2_1.ybn'
[09:05:39] Bounding Asset 'stream/gta5remastered/hi@vremastered_b_0_0.ybn'
[09:05:39] Bounding Asset 'stream/gta5remastered/hi@vremastered_b_0_1.ybn'
[09:05:39] Bounding Asset 'stream/gta5remastered/vremastered_a_5_2.ybn'
[09:05:39] Bounding Asset 'stream/gta5remastered/hi@vremastered_b_1_0.ybn'
[09:05:39] Bounding Asset 'stream/gta5remastered/vremastered_a_5_3.ybn'
[09:05:39] Bounding Asset 'stream/gta5remastered/hi@vremastered_b_1_1.ybn'
[09:05:39] Bounding Asset 'stream/gta5remastered/vremastered_a_5_0.ybn'
[09:05:39] Bounding Asset 'stream/gta5remastered/hi@vremastered_b_1_2.ybn'
[09:05:39] Bounding Asset 'stream/gta5remastered/hi@vremastered_d_8_1.ybn'
[09:05:39] Bounding Asset 'stream/gta5remastered/hi@vremastered_b_2_1.ybn'
[09:05:39] Bounding Asset 'stream/gta5remastered/hi@vremastered_b_3_0.ybn'
[09:05:39] Bounding Asset 'stream/gta5remastered/hi@vremastered_b_3_1.ybn'
[09:05:39] Bounding Asset 'stream/gta5remastered/hi@vremastered_b_3_2.ybn'
[09:05:39] Bounding Asset 'stream/gta5remastered/hi@vremastered_b_4_0.ybn'
[09:05:39] Bounding Asset 'stream/gta5remastered/hi@vremastered_b_4_2.ybn'
[09:05:39] Bounding Asset 'stream/gta5remastered/hi@vremastered_b_5_0.ybn'
[09:05:39] Bounding Asset 'stream/gta5remastered/hi@vremastered_b_5_1.ybn'
[09:05:39] Bounding Asset 'stream/gta5remastered/hi@vremastered_b_5_2.ybn'
[09:05:39] Bounding Asset 'stream/gta5remastered/hi@vremastered_e_10_2.ybn'
[09:05:39] Bounding Asset 'stream/gta5remastered/hi@vremastered_b_6_0.ybn'
[09:05:39] Bounding Asset 'stream/gta5remastered/hi@vremastered_b_6_1.ybn'
[09:05:39] Bounding Asset 'stream/gta5remastered/hi@vremastered_e_10_0.ybn'
[09:05:39] Bounding Asset 'stream/gta5remastered/hi@vremastered_b_6_2.ybn'
[09:05:39] Bounding Asset 'stream/gta5remastered/hi@vremastered_c_0_0.ybn'
[09:05:39] Bounding Asset 'stream/gta5remastered/hi@vremastered_c_2_0.ybn'
[09:05:39] Bounding Asset 'stream/gta5remastered/hi@vremastered_c_2_1.ybn'
[09:05:39] Bounding Asset 'stream/gta5remastered/hi@vremastered_c_2_2.ybn'
[09:05:39] Bounding Asset 'stream/gta5remastered/hi@vremastered_c_3.ybn'
[09:05:39] Bounding Asset 'stream/gta5remastered/hi@vremastered_c_6_0.ybn'
[09:05:39] Bounding Asset 'stream/gta5remastered/hi@vremastered_c_6_1.ybn'
[09:05:39] Bounding Asset 'stream/gta5remastered/hi@vremastered_d_1_1.ybn'
[09:05:39] Bounding Asset 'stream/gta5remastered/hi@vremastered_d_2_0.ybn'
[09:05:39] Bounding Asset 'stream/gta5remastered/hi@vremastered_h_0_2.ybn'
[09:05:39] Bounding Asset 'stream/gta5remastered/hi@vremastered_d_2_1.ybn'
[09:05:39] Bounding Asset 'stream/gta5remastered/hi@vremastered_h_0_3.ybn'
[09:05:39] Bounding Asset 'stream/gta5remastered/hi@vremastered_d_3_0.ybn'
[09:05:39] Bounding Asset 'stream/gta5remastered/hi@vremastered_h_1_2.ybn'
[09:05:39] Bounding Asset 'stream/gta5remastered/hi@vremastered_d_3_1.ybn'
[09:05:39] Bounding Asset 'stream/gta5remastered/hi@vremastered_d_4_0.ybn'
[09:05:39] Bounding Asset 'stream/gta5remastered/hi@vremastered_d_5_1.ybn'
[09:05:39] Bounding Asset 'stream/gta5remastered/hi@vremastered_d_6_1.ybn'
[09:05:39] Bounding Asset 'stream/gta5remastered/hi@vremastered_d_6_2.ybn'
[09:05:39] Bounding Asset 'stream/gta5remastered/vremastered_a_0_0.ybn'
[09:05:39] Bounding Asset 'stream/gta5remastered/hi@vremastered_d_6_3.ybn'
[09:05:39] Bounding Asset 'stream/gta5remastered/vremastered_a_0_1.ybn'
[09:05:39] Bounding Asset 'stream/gta5remastered/hi@vremastered_d_7_1.ybn'
[09:05:39] Bounding Asset 'stream/gta5remastered/hi@vremastered_e_00_2.ybn'
[09:05:39] Bounding Asset 'stream/gta5remastered/hi@vremastered_e_01_0.ybn'
[09:05:39] Bounding Asset 'stream/gta5remastered/hi@vremastered_e_01_1.ybn'
[09:05:39] Bounding Asset 'stream/gta5remastered/hi@vremastered_e_02_0.ybn'
[09:05:39] Bounding Asset 'stream/gta5remastered/hi@vremastered_e_02_1.ybn'
[09:05:39] Bounding Asset 'stream/gta5remastered/hi@vremastered_e_03_0.ybn'
[09:05:39] Bounding Asset 'stream/gta5remastered/hi@vremastered_e_03_1.ybn'
[09:05:39] Bounding Asset 'stream/gta5remastered/vremastered_j_7_1.ybn'
[09:05:39] Bounding Asset 'stream/gta5remastered/hi@vremastered_e_04_0.ybn'
[09:05:39] Bounding Asset 'stream/gta5remastered/hi@vremastered_i_3_2.ybn'
[09:05:39] Bounding Asset 'stream/gta5remastered/vremastered_j_7_0.ybn'
[09:05:39] Bounding Asset 'stream/gta5remastered/hi@vremastered_e_04_1.ybn'
[09:05:39] Bounding Asset 'stream/gta5remastered/hi@vremastered_e_05_0.ybn'
[09:05:39] Bounding Asset 'stream/gta5remastered/hi@vremastered_e_06_0.ybn'
[09:05:39] Bounding Asset 'stream/gta5remastered/hi@vremastered_e_06_1.ybn'
[09:05:39] Bounding Asset 'stream/gta5remastered/hi@vremastered_j_6_2.ybn'
[09:05:39] Bounding Asset 'stream/gta5remastered/hi@vremastered_e_07_1.ybn'
[09:05:39] Bounding Asset 'stream/gta5remastered/vremastered_i_5_0.ybn'
[09:05:39] Bounding Asset 'stream/gta5remastered/vremastered_f_7_1.ybn'
[09:05:39] Bounding Asset 'stream/gta5remastered/hi@vremastered_e_08_0.ybn'
[09:05:39] Bounding Asset 'stream/gta5remastered/vremastered_i_5_1.ybn'
[09:05:39] Bounding Asset 'stream/gta5remastered/vremastered_f_7_0.ybn'
[09:05:39] Bounding Asset 'stream/gta5remastered/hi@vremastered_e_08_1.ybn'
[09:05:39] Bounding Asset 'stream/gta5remastered/vremastered_i_4_0.ybn'
[09:05:39] Bounding Asset 'stream/gta5remastered/hi@vremastered_e_09_0.ybn'
[09:05:39] Bounding Asset 'stream/gta5remastered/vremastered_i_4_1.ybn'
[09:05:39] Bounding Asset 'stream/gta5remastered/hi@vremastered_e_09_1.ybn'
[09:05:39] Bounding Asset 'stream/gta5remastered/hi@vremastered_e_09_2.ybn'
[09:05:39] Bounding Asset 'stream/gta5remastered/hi@vremastered_e_10_1.ybn'
[09:05:39] Bounding Asset 'stream/gta5remastered/hi@vremastered_f_0_0.ybn'
[09:05:39] Bounding Asset 'stream/gta5remastered/hi@vremastered_f_0_1.ybn'
[09:05:39] Bounding Asset 'stream/gta5remastered/hi@vremastered_f_1_0.ybn'
[09:05:39] Bounding Asset 'stream/gta5remastered/hi@vremastered_f_1_1.ybn'
[09:05:39] Bounding Asset 'stream/gta5remastered/hi@vremastered_f_3_1.ybn'
[09:05:39] Bounding Asset 'stream/gta5remastered/hi@vremastered_f_3_2.ybn'
[09:05:39] Bounding Asset 'stream/gta5remastered/hi@vremastered_f_7_0.ybn'
[09:05:39] Bounding Asset 'stream/gta5remastered/hi@vremastered_f_8_0.ybn'
[09:05:39] Bounding Asset 'stream/gta5remastered/hi@vremastered_f_8_1.ybn'
[09:05:39] Bounding Asset 'stream/gta5remastered/hi@vremastered_f_8_2.ybn'
[09:05:39] Bounding Asset 'stream/gta5remastered/hi@vremastered_g_0_0.ybn'
[09:05:39] Bounding Asset 'stream/gta5remastered/vremastered_b_6_2.ybn'
[09:05:39] Bounding Asset 'stream/gta5remastered/hi@vremastered_g_0_1.ybn'
[09:05:39] Bounding Asset 'stream/gta5remastered/hi@vremastered_g_0_2.ybn'
[09:05:39] Bounding Asset 'stream/gta5remastered/vremastered_b_6_0.ybn'
[09:05:39] Bounding Asset 'stream/gta5remastered/hi@vremastered_g_1_1.ybn'
[09:05:39] Bounding Asset 'stream/gta5remastered/hi@vremastered_g_2_0.ybn'
[09:05:39] Bounding Asset 'stream/gta5remastered/hi@vremastered_g_2_2.ybn'
[09:05:39] Bounding Asset 'stream/gta5remastered/hi@vremastered_g_3_1.ybn'
[09:05:39] Bounding Asset 'stream/gta5remastered/hi@vremastered_g_5_1.ybn'
[09:05:39] Bounding Asset 'stream/gta5remastered/hi@vremastered_g_6_0.ybn'
[09:05:39] Bounding Asset 'stream/gta5remastered/hi@vremastered_g_6_1.ybn'
[09:05:39] Bounding Asset 'stream/gta5remastered/hi@vremastered_g_7_0.ybn'
[09:05:39] Bounding Asset 'stream/gta5remastered/hi@vremastered_g_7_1.ybn'
[09:05:39] Bounding Asset 'stream/gta5remastered/hi@vremastered_g_8_0.ybn'
[09:05:39] Bounding Asset 'stream/gta5remastered/hi@vremastered_g_8_1.ybn'
[09:05:39] Bounding Asset 'stream/gta5remastered/hi@vremastered_h_0_0.ybn'
[09:05:39] Bounding Asset 'stream/gta5remastered/hi@vremastered_h_0_1.ybn'
[09:05:39] Bounding Asset 'stream/gta5remastered/hi@vremastered_h_1_0.ybn'
[09:05:39] Bounding Asset 'stream/gta5remastered/hi@vremastered_h_1_1.ybn'
[09:05:39] Bounding Asset 'stream/gta5remastered/hi@vremastered_h_2_0.ybn'
[09:05:39] Bounding Asset 'stream/gta5remastered/hi@vremastered_h_2_1.ybn'
[09:05:39] Bounding Asset 'stream/gta5remastered/hi@vremastered_h_2_2.ybn'
[09:05:39] Bounding Asset 'stream/gta5remastered/hi@vremastered_h_3_0.ybn'
[09:05:39] Bounding Asset 'stream/gta5remastered/hi@vremastered_h_3_1.ybn'
[09:05:39] Bounding Asset 'stream/gta5remastered/hi@vremastered_h_4_1.ybn'
[09:05:39] Bounding Asset 'stream/gta5remastered/hi@vremastered_h_5_0.ybn'
[09:05:39] Bounding Asset 'stream/gta5remastered/hi@vremastered_h_5_1.ybn'
[09:05:39] Bounding Asset 'stream/gta5remastered/hi@vremastered_i_1_0.ybn'
[09:05:39] Bounding Asset 'stream/gta5remastered/hi@vremastered_i_2_0.ybn'
[09:05:39] Bounding Asset 'stream/gta5remastered/hi@vremastered_i_2_1.ybn'
[09:05:39] Bounding Asset 'stream/gta5remastered/hi@vremastered_i_3_0.ybn'
[09:05:39] Bounding Asset 'stream/gta5remastered/hi@vremastered_i_3_1.ybn'
[09:05:39] Bounding Asset 'stream/gta5remastered/hi@vremastered_i_4_0.ybn'
[09:05:39] Bounding Asset 'stream/gta5remastered/hi@vremastered_i_4_1.ybn'
[09:05:39] Bounding Asset 'stream/gta5remastered/hi@vremastered_i_5_0.ybn'
[09:05:39] Bounding Asset 'stream/gta5remastered/hi@vremastered_j_0_0.ybn'
[09:05:39] Bounding Asset 'stream/gta5remastered/hi@vremastered_j_0_1.ybn'
[09:05:39] Bounding Asset 'stream/gta5remastered/vremastered_b_5_1.ybn'
[09:05:39] Bounding Asset 'stream/gta5remastered/hi@vremastered_j_1_0.ybn'
[09:05:39] Bounding Asset 'stream/gta5remastered/vremastered_b_5_0.ybn'
[09:05:39] Bounding Asset 'stream/gta5remastered/hi@vremastered_j_1_1.ybn'
[09:05:39] Bounding Asset 'stream/gta5remastered/hi@vremastered_j_1_2.ybn'
[09:05:39] Bounding Asset 'stream/gta5remastered/hi@vremastered_j_2_0.ybn'
[09:05:39] Bounding Asset 'stream/gta5remastered/hi@vremastered_j_3_0.ybn'
[09:05:39] Bounding Asset 'stream/gta5remastered/vremastered_b_1_1.ybn'
[09:05:39] Bounding Asset 'stream/gta5remastered/hi@vremastered_j_5_0.ybn'
[09:05:39] Bounding Asset 'stream/gta5remastered/hi@vremastered_j_6_0.ybn'
[09:05:39] Bounding Asset 'stream/gta5remastered/hi@vremastered_j_6_1.ybn'
[09:05:39] Bounding Asset 'stream/gta5remastered/vremastered_b_3_1.ybn'
[09:05:39] Bounding Asset 'stream/gta5remastered/hi@vremastered_j_7_0.ybn'
[09:05:39] Bounding Asset 'stream/gta5remastered/vremastered_b_3_3.ybn'
[09:05:39] Bounding Asset 'stream/gta5remastered/vremastered_j_4_0.ybn'
[09:05:39] Bounding Asset 'stream/gta5remastered/hi@vremastered_j_7_2.ybn'
[09:05:39] Bounding Asset 'stream/gta5remastered/hi@vremastered_k_0_1.ybn'
[09:05:39] Bounding Asset 'stream/gta5remastered/hi@vremastered_k_1_0.ybn'
[09:05:39] Bounding Asset 'stream/gta5remastered/vremastered_c_5_1.ybn'
[09:05:39] Bounding Asset 'stream/gta5remastered/hi@vremastered_k_1_1.ybn'
[09:05:39] Bounding Asset 'stream/gta5remastered/vremastered_c_5_0.ybn'
[09:05:39] Bounding Asset 'stream/gta5remastered/vremastered_e_00_2.ybn'
[09:05:39] Bounding Asset 'stream/gta5remastered/hi@vremastered_k_2.ybn'
[09:05:39] Bounding Asset 'stream/gta5remastered/hi@vremastered_k_4_1.ybn'
[09:05:39] Bounding Asset 'stream/gta5remastered/hi@vremastered_k_5_1.ybn'
[09:05:39] Bounding Asset 'stream/gta5remastered/vremastered_c_1_0.ybn'
[09:05:39] Bounding Asset 'stream/gta5remastered/vremastered_a_1_0.ybn'
[09:05:39] Bounding Asset 'stream/gta5remastered/vremastered_a_2_0.ybn'
[09:05:39] Bounding Asset 'stream/gta5remastered/vremastered_a_2_1.ybn'
[09:05:39] Bounding Asset 'stream/gta5remastered/vremastered_e_09_1.ybn'
[09:05:39] Bounding Asset 'stream/gta5remastered/vremastered_a_3_0.ybn'
[09:05:39] Bounding Asset 'stream/gta5remastered/vremastered_a_3_1.ybn'
[09:05:39] Bounding Asset 'stream/gta5remastered/vremastered_c_4_1.ybn'
[09:05:39] Bounding Asset 'stream/gta5remastered/vremastered_b_6_1.ybn'
[09:05:39] Bounding Asset 'stream/gta5remastered/vremastered_a_5_1.ybn'
[09:05:39] Bounding Asset 'stream/gta5remastered/vremastered_j_9_1.ybn'
[09:05:39] Bounding Asset 'stream/gta5remastered/vremastered_c_6_0.ybn'
[09:05:39] Bounding Asset 'stream/gta5remastered/vremastered_b_2_0.ybn'
[09:05:39] Bounding Asset 'stream/gta5remastered/vremastered_b_2_1.ybn'
[09:05:39] Bounding Asset 'stream/gta5remastered/vremastered_b_2_2.ybn'
[09:05:39] Bounding Asset 'stream/gta5remastered/vremastered_b_4_1.ybn'
[09:05:39] Bounding Asset 'stream/gta5remastered/vremastered_b_5_2.ybn'
[09:05:39] Bounding Asset 'stream/gta5remastered/vremastered_c_0_0.ybn'
[09:05:39] Bounding Asset 'stream/gta5remastered/vremastered_c_0_1.ybn'
[09:05:39] Bounding Asset 'stream/gta5remastered/vremastered_c_0_2.ybn'
[09:05:39] Bounding Asset 'stream/gta5remastered/vremastered_c_2_0.ybn'
[09:05:39] Bounding Asset 'stream/gta5remastered/vremastered_c_2_1.ybn'
[09:05:39] Bounding Asset 'stream/gta5remastered/vremastered_c_2_2.ybn'
[09:05:39] Bounding Asset 'stream/gta5remastered/vremastered_c_4_0.ybn'
[09:05:39] Bounding Asset 'stream/gta5remastered/vremastered_c_6_1.ybn'
[09:05:39] Bounding Asset 'stream/gta5remastered/vremastered_c_7_0.ybn'
[09:05:39] Bounding Asset 'stream/gta5remastered/vremastered_d_0_0.ybn'
[09:05:39] Bounding Asset 'stream/gta5remastered/vremastered_d_0_1.ybn'
[09:05:39] Bounding Asset 'stream/gta5remastered/vremastered_d_1_0.ybn'
[09:05:39] Bounding Asset 'stream/gta5remastered/vremastered_d_1_1.ybn'
[09:05:39] Bounding Asset 'stream/gta5remastered/vremastered_h_3_0.ybn'
[09:05:39] Bounding Asset 'stream/gta5remastered/vremastered_d_1_2.ybn'
[09:05:39] Bounding Asset 'stream/gta5remastered/vremastered_h_3_1.ybn'
[09:05:39] Bounding Asset 'stream/gta5remastered/vremastered_d_1_3.ybn'
[09:05:39] Bounding Asset 'stream/gta5remastered/vremastered_d_2_0.ybn'
[09:05:39] Bounding Asset 'stream/gta5remastered/vremastered_d_3_0.ybn'
[09:05:39] Bounding Asset 'stream/gta5remastered/vremastered_d_4_1.ybn'
[09:05:39] Bounding Asset 'stream/gta5remastered/vremastered_d_5_1.ybn'
[09:05:39] Bounding Asset 'stream/gta5remastered/vremastered_d_6_0.ybn'
[09:05:39] Bounding Asset 'stream/gta5remastered/vremastered_d_6_1.ybn'
[09:05:39] Bounding Asset 'stream/gta5remastered/vremastered_d_6_2.ybn'
[09:05:39] Bounding Asset 'stream/gta5remastered/vremastered_d_6_3.ybn'
[09:05:39] Bounding Asset 'stream/gta5remastered/vremastered_d_7_0.ybn'
[09:05:39] Bounding Asset 'stream/gta5remastered/vremastered_d_7_1.ybn'
[09:05:39] Bounding Asset 'stream/gta5remastered/vremastered_d_8_0.ybn'
[09:05:39] Bounding Asset 'stream/gta5remastered/vremastered_d_8_1.ybn'
[09:05:39] Bounding Asset 'stream/gta5remastered/vremastered_e_00_0.ybn'
[09:05:39] Bounding Asset 'stream/gta5remastered/vremastered_e_00_1.ybn'
[09:05:39] Bounding Asset 'stream/gta5remastered/vremastered_e_02_0.ybn'
[09:05:39] Bounding Asset 'stream/gta5remastered/vremastered_e_02_1.ybn'
[09:05:39] Bounding Asset 'stream/gta5remastered/vremastered_e_03_0.ybn'
[09:05:39] Bounding Asset 'stream/gta5remastered/vremastered_e_03_1.ybn'
[09:05:39] Bounding Asset 'stream/gta5remastered/vremastered_e_04_0.ybn'
[09:05:39] Bounding Asset 'stream/gta5remastered/vremastered_e_05_0.ybn'
[09:05:39] Bounding Asset 'stream/gta5remastered/vremastered_e_05_1.ybn'
[09:05:39] Bounding Asset 'stream/gta5remastered/vremastered_e_06_0.ybn'
[09:05:39] Bounding Asset 'stream/gta5remastered/vremastered_e_06_1.ybn'
[09:05:39] Bounding Asset 'stream/gta5remastered/vremastered_e_07_0.ybn'
[09:05:39] Bounding Asset 'stream/gta5remastered/vremastered_e_07_1.ybn'
[09:05:39] Bounding Asset 'stream/gta5remastered/vremastered_e_08_0.ybn'
[09:05:39] Bounding Asset 'stream/gta5remastered/vremastered_e_08_1.ybn'
[09:05:39] Bounding Asset 'stream/gta5remastered/vremastered_e_09_2.ybn'
[09:05:39] Bounding Asset 'stream/gta5remastered/vremastered_e_10_0.ybn'
[09:05:39] Bounding Asset 'stream/gta5remastered/vremastered_e_10_1.ybn'
[09:05:39] Bounding Asset 'stream/gta5remastered/vremastered_e_10_2.ybn'
[09:05:39] Bounding Asset 'stream/gta5remastered/vremastered_i_3_0.ybn'
[09:05:39] Bounding Asset 'stream/gta5remastered/vremastered_f_1_1.ybn'
[09:05:39] Bounding Asset 'stream/gta5remastered/vremastered_f_2_0.ybn'
[09:05:39] Bounding Asset 'stream/gta5remastered/vremastered_f_2_1.ybn'
[09:05:39] Bounding Asset 'stream/gta5remastered/vremastered_f_2_2.ybn'
[09:05:39] Bounding Asset 'stream/gta5remastered/vremastered_i_1_1.ybn'
[09:05:39] Bounding Asset 'stream/gta5remastered/vremastered_f_3_0.ybn'
[09:05:39] Bounding Asset 'stream/gta5remastered/vremastered_i_1_0.ybn'
[09:05:39] Bounding Asset 'stream/gta5remastered/vremastered_f_3_1.ybn'
[09:05:39] Bounding Asset 'stream/gta5remastered/vremastered_f_3_2.ybn'
[09:05:39] Bounding Asset 'stream/gta5remastered/vremastered_f_4_0.ybn'
[09:05:39] Bounding Asset 'stream/gta5remastered/vremastered_f_4_1.ybn'
[09:05:39] Bounding Asset 'stream/gta5remastered/vremastered_f_5_0.ybn'
[09:05:39] Bounding Asset 'stream/gta5remastered/vremastered_f_5_1.ybn'
[09:05:39] Bounding Asset 'stream/gta5remastered/vremastered_f_6_0.ybn'
[09:05:39] Bounding Asset 'stream/gta5remastered/vremastered_f_6_1.ybn'
[09:05:39] Bounding Asset 'stream/gta5remastered/vremastered_g_0_0.ybn'
[09:05:39] Bounding Asset 'stream/gta5remastered/vremastered_g_0_1.ybn'
[09:05:39] Bounding Asset 'stream/gta5remastered/vremastered_g_0_2.ybn'
[09:05:39] Bounding Asset 'stream/gta5remastered/vremastered_k_4_0.ybn'
[09:05:39] Bounding Asset 'stream/gta5remastered/vremastered_g_1_1.ybn'
[09:05:39] Bounding Asset 'stream/gta5remastered/vremastered_g_2_0.ybn'
[09:05:39] Bounding Asset 'stream/gta5remastered/vremastered_g_2_1.ybn'
[09:05:39] Bounding Asset 'stream/gta5remastered/vremastered_g_2_2.ybn'
[09:05:39] Bounding Asset 'stream/gta5remastered/vremastered_g_3_0.ybn'
[09:05:39] Bounding Asset 'stream/gta5remastered/vremastered_g_3_1.ybn'
[09:05:39] Bounding Asset 'stream/gta5remastered/vremastered_g_4_0.ybn'
[09:05:39] Bounding Asset 'stream/gta5remastered/vremastered_g_4_1.ybn'
[09:05:39] Bounding Asset 'stream/gta5remastered/vremastered_k_0_1.ybn'
[09:05:39] Bounding Asset 'stream/gta5remastered/vremastered_g_5_0.ybn'
[09:05:39] Bounding Asset 'stream/gta5remastered/vremastered_g_6_0.ybn'
[09:05:39] Bounding Asset 'stream/gta5remastered/vremastered_g_6_1.ybn'
[09:05:39] Bounding Asset 'stream/gta5remastered/vremastered_g_7_0.ybn'
[09:05:39] Bounding Asset 'stream/gta5remastered/vremastered_g_7_1.ybn'
[09:05:39] Bounding Asset 'stream/gta5remastered/vremastered_g_8_0.ybn'
[09:05:39] Bounding Asset 'stream/gta5remastered/vremastered_h_0_1.ybn'
[09:05:39] Bounding Asset 'stream/gta5remastered/vremastered_h_1_1.ybn'
[09:05:39] Bounding Asset 'stream/gta5remastered/vremastered_h_2_0.ybn'
[09:05:39] Bounding Asset 'stream/gta5remastered/vremastered_h_2_2.ybn'
[09:05:39] Bounding Asset 'stream/gta5remastered/vremastered_h_4_0.ybn'
[09:05:39] Bounding Asset 'stream/gta5remastered/vremastered_h_4_1.ybn'
[09:05:39] Bounding Asset 'stream/gta5remastered/vremastered_h_5_0.ybn'
[09:05:39] Bounding Asset 'stream/gta5remastered/vremastered_i_0_0.ybn'
[09:05:39] Bounding Asset 'stream/gta5remastered/vremastered_i_0_2.ybn'
[09:05:39] Bounding Asset 'stream/gta5remastered/vremastered_i_1_2.ybn'
[09:05:39] Bounding Asset 'stream/gta5remastered/vremastered_i_2_0.ybn'
[09:05:39] Bounding Asset 'stream/gta5remastered/vremastered_i_2_1.ybn'
[09:05:39] Bounding Asset 'stream/gta5remastered/vremastered_i_2_2.ybn'
[09:05:39] Bounding Asset 'stream/gta5remastered/vremastered_j_0_0.ybn'
[09:05:39] Bounding Asset 'stream/gta5remastered/vremastered_j_1_1.ybn'
[09:05:39] Bounding Asset 'stream/gta5remastered/vremastered_j_2_0.ybn'
[09:05:39] Bounding Asset 'stream/gta5remastered/vremastered_j_2_1.ybn'
[09:05:39] Bounding Asset 'stream/gta5remastered/vremastered_j_3_0.ybn'
[09:05:39] Bounding Asset 'stream/gta5remastered/vremastered_j_3_1.ybn'
[09:05:39] Bounding Asset 'stream/gta5remastered/vremastered_j_5_0.ybn'
[09:05:39] Bounding Asset 'stream/gta5remastered/vremastered_j_5_1.ybn'
[09:05:39] Bounding Asset 'stream/gta5remastered/vremastered_j_6_0.ybn'
[09:05:39] Bounding Asset 'stream/gta5remastered/vremastered_j_6_1.ybn'
[09:05:39] Bounding Asset 'stream/gta5remastered/vremastered_j_6_2.ybn'
[09:05:39] Bounding Asset 'stream/gta5remastered/vremastered_j_7_2.ybn'
[09:05:39] Bounding Asset 'stream/gta5remastered/vremastered_j_7_3.ybn'
[09:05:39] Bounding Asset 'stream/gta5remastered/vremastered_j_8_1.ybn'
[09:05:39] Bounding Asset 'stream/gta5remastered/vremastered_j_9_0.ybn'
[09:05:39] Bounding Asset 'stream/gta5remastered/vremastered_k_1_0.ybn'
[09:05:39] Bounding Asset 'stream/gta5remastered/vremastered_k_1_1.ybn'
[09:05:39] Bounding Asset 'stream/gta5remastered/vremastered_k_2.ybn'
[09:05:39] Bounding Asset 'stream/gta5remastered/vremastered_k_3_1.ybn'
[09:05:39] Bounding Asset 'stream/gta5remastered/vremastered_k_5_1.ybn'
[09:05:39] Bounding Asset 'stream/gta5remastered/vremastered_k_5_2.ybn'
[09:05:51] Map store reloaded
[09:05:51] [Login] startup script started
[09:05:51] [Hud] Webview ready
[09:05:51][Error] Player already exists 956 true 1 true
[09:05:54] [Login] Starting Login Flow
[09:06:38][Warning] Resource playv tick was too long 64 ms
[09:18:24][Warning] Resource playv tick was too long 15 ms
[09:18:24][Warning] Resource playv tick was too long 14 ms
[09:47:59][Warning] Resource playv tick was too long 22 ms
[09:48:17][Warning] Timer at playv:client/index.js was too long 53ms
[09:48:17][Warning] Resource playv tick was too long 61 ms
[10:00:00][Warning] Resource playv tick was too long 18 ms
[10:03:02][Warning] Timer at playv:client/index.js was too long 135ms
[10:03:02][Warning] Resource playv tick was too long 139 ms
[10:03:03][Warning] Resource playv tick was too long 29 ms
[10:03:08][Warning] Timer at playv:client/index.js was too long 51ms
[10:03:08][Warning] Resource playv tick was too long 59 ms
[10:03:10][Warning] Resource playv tick was too long 41 ms
[10:30:00][Warning] Resource playv tick was too long 20 ms
[10:37:09][Warning] Resource playv tick was too long 38 ms
[10:37:20][Warning] Resource playv tick was too long 51 ms
[10:37:22][Warning] Resource playv tick was too long 42 ms
[10:44:05][Warning] Timer at playv:client/index.js was too long 56ms
[10:44:05][Warning] Resource playv tick was too long 61 ms
[10:44:06][Warning] Resource playv tick was too long 22 ms
[10:45:55][Warning] Resource playv tick was too long 36 ms
[10:52:50][Warning] Resource playv tick was too long 43 ms
[10:53:04][Warning] Resource playv tick was too long 25 ms
[10:59:45][Warning] Timer at playv:client/index.js was too long 128ms
[10:59:45][Warning] Resource playv tick was too long 138 ms
[11:04:42][Warning] Resource playv tick was too long 44 ms
[11:15:30][Warning] Timer at playv:client/index.js was too long 68ms
[11:15:30][Warning] Resource playv tick was too long 70 ms
[11:17:59] Disconnect reason You have been kicked: Selfkick: Using 3rd party noclip?
[11:17:59] Stopping resource bug
[11:17:59] Stopped resource bug
[11:17:59] Stopping resource assets
[11:17:59] Stopping resource playv
[11:17:59] Stopped resource playv
[11:17:59] Stopped resource assets
[11:17:59] Deleting local player 000000001AE20000 000000001BB53E60 000000001BB53E60 000000001AE20000
[11:17:59] Disconnected
